2024-08-01 08:46:39,174 [INFO] Activator:176 - 


2024-08-01 08:46:39,175 [INFO] Activator:177 - !SESSION log4j initialized
2024-08-01 08:46:40,705 [INFO] LogOutputStream:77 - [STDOUT_REDIRECT] 
2024-08-01 08:46:42,135 [INFO] ApplicationProperties:184 - Using Application install path: /opt/st/stm32cubeide_1.16.0/plugins/com.st.stm32cube.common.mx_6.12.0.202406281431
2024-08-01 08:46:42,147 [INFO] DbMcusXml:78 - Set database path to: /opt/st/stm32cubeide_1.16.0/plugins/com.st.stm32cube.common.mx_6.12.0.202406281431//db//mcu/
2024-08-01 08:46:42,148 [INFO] ApiDb:274 - Set plugin database path to: /opt/st/stm32cubeide_1.16.0/plugins/com.st.stm32cube.common.mx_6.12.0.202406281431//db//plugins/boardmanager/
2024-08-01 08:46:42,148 [WARN] ApiDb:259 - Overriding images path with different value:  => /opt/st/stm32cubeide_1.16.0/plugins/com.st.stm32cube.common.mx_6.12.0.202406281431//db//plugins/mcufinder/images/
2024-08-01 08:46:42,152 [INFO] ApiDb:250 - Set database path to: /home/paul/.stmcufinder/plugins/mcufinder//mcu/
2024-08-01 08:46:42,153 [INFO] DbMcusAds:125 - Set database path to: /home/paul/.stmcufinder/plugins/mcufinder//mcu/
2024-08-01 08:46:42,155 [INFO] CrossReferenceDbSqlite:203 - Set database path to: /home/paul/.stmcufinder/plugins/mcufinder//mcu/cs/
2024-08-01 08:46:42,226 [INFO] RulesReader:64 - Compatibility file has been processed (297 Rules)
2024-08-01 08:46:42,262 [INFO] DbMcusXml:78 - Set database path to: /opt/st/stm32cubeide_1.16.0/plugins/com.st.stm32cube.common.mx_6.12.0.202406281431//db//mcu/
2024-08-01 08:46:42,262 [INFO] ApiDb:274 - Set plugin database path to: /opt/st/stm32cubeide_1.16.0/plugins/com.st.stm32cube.common.mx_6.12.0.202406281431//db//plugins/boardmanager/
2024-08-01 08:46:42,262 [INFO] ApiDb:261 - Set plugin images path to: /opt/st/stm32cubeide_1.16.0/plugins/com.st.stm32cube.common.mx_6.12.0.202406281431//db//plugins/mcufinder/images/
2024-08-01 08:46:42,262 [WARN] DbFile:41 - Overriding database path with different value: /home/paul/.stmcufinder/plugins/mcufinder/ => /home/paul/.stmcufinder/plugins/mcufinder
2024-08-01 08:46:42,262 [INFO] ApiDb:250 - Set database path to: /home/paul/.stmcufinder/plugins/mcufinder//mcu/
2024-08-01 08:46:42,262 [WARN] DbFile:41 - Overriding database path with different value: /home/paul/.stmcufinder/plugins/mcufinder/ => /home/paul/.stmcufinder/plugins/mcufinder
2024-08-01 08:46:42,262 [INFO] DbMcusAds:125 - Set database path to: /home/paul/.stmcufinder/plugins/mcufinder//mcu/
2024-08-01 08:46:42,262 [WARN] DbFile:41 - Overriding database path with different value: /home/paul/.stmcufinder/plugins/mcufinder/ => /home/paul/.stmcufinder/plugins/mcufinder
2024-08-01 08:46:42,263 [WARN] DbFile:41 - Overriding database path with different value: /home/paul/.stmcufinder/plugins/mcufinder/ => /home/paul/.stmcufinder/plugins/mcufinder
2024-08-01 08:46:42,263 [INFO] CrossReferenceDbSqlite:203 - Set database path to: /home/paul/.stmcufinder/plugins/mcufinder//mcu/cs/
2024-08-01 08:46:42,317 [INFO] MainPanel:268 - HeapMemory: 268435456
2024-08-01 08:46:42,418 [INFO] DbMcusXml:78 - Set database path to: /opt/st/stm32cubeide_1.16.0/plugins/com.st.stm32cube.common.mx_6.12.0.202406281431//db//mcu/
2024-08-01 08:46:42,418 [INFO] ApiDb:274 - Set plugin database path to: /opt/st/stm32cubeide_1.16.0/plugins/com.st.stm32cube.common.mx_6.12.0.202406281431//db//plugins/boardmanager/
2024-08-01 08:46:42,418 [INFO] ApiDb:261 - Set plugin images path to: /opt/st/stm32cubeide_1.16.0/plugins/com.st.stm32cube.common.mx_6.12.0.202406281431//db//plugins/mcufinder/images/
2024-08-01 08:46:42,418 [WARN] DbFile:41 - Overriding database path with different value: /home/paul/.stmcufinder/plugins/mcufinder/ => /home/paul/.stmcufinder/plugins/mcufinder
2024-08-01 08:46:42,418 [INFO] ApiDb:250 - Set database path to: /home/paul/.stmcufinder/plugins/mcufinder//mcu/
2024-08-01 08:46:42,418 [WARN] DbFile:41 - Overriding database path with different value: /home/paul/.stmcufinder/plugins/mcufinder/ => /home/paul/.stmcufinder/plugins/mcufinder
2024-08-01 08:46:42,418 [INFO] DbMcusAds:125 - Set database path to: /home/paul/.stmcufinder/plugins/mcufinder//mcu/
2024-08-01 08:46:42,419 [WARN] DbFile:41 - Overriding database path with different value: /home/paul/.stmcufinder/plugins/mcufinder/ => /home/paul/.stmcufinder/plugins/mcufinder
2024-08-01 08:46:42,419 [WARN] DbFile:41 - Overriding database path with different value: /home/paul/.stmcufinder/plugins/mcufinder/ => /home/paul/.stmcufinder/plugins/mcufinder
2024-08-01 08:46:42,419 [INFO] CrossReferenceDbSqlite:203 - Set database path to: /home/paul/.stmcufinder/plugins/mcufinder//mcu/cs/
2024-08-01 08:46:42,431 [INFO] ApplicationProperties:184 - Using Application install path: /opt/st/stm32cubeide_1.16.0/plugins/com.st.stm32cube.common.mx_6.12.0.202406281431
2024-08-01 08:46:42,432 [INFO] PluginManage:196 - Search for loadable plugins [exclusion list=, ]
2024-08-01 08:46:42,433 [INFO] PluginManage:310 - Check plugin analytics
2024-08-01 08:46:42,551 [INFO] AnalyticsPlugin:253 - Accepted Software Licenses: 
2024-08-01 08:46:42,551 [INFO] AnalyticsPlugin:255 - Accepted CMSIS Pack Licenses: 
2024-08-01 08:46:42,551 [INFO] AnalyticsPlugin:257 - Accepted Firmware Licenses: FW.F7.1.17.0
2024-08-01 08:46:42,554 [INFO] PluginManage:359 - Loaded plugin analytics (category:tool,tabindex:-1)
2024-08-01 08:46:42,554 [INFO] PluginManage:310 - Check plugin cadmodel
2024-08-01 08:46:42,560 [INFO] CADModel:105 - Init CAD model plugin
2024-08-01 08:46:42,560 [INFO] PluginManage:359 - Loaded plugin cadmodel (category:power,tabindex:5)
2024-08-01 08:46:42,560 [INFO] PluginManage:310 - Check plugin clock
2024-08-01 08:46:42,569 [INFO] PluginManage:359 - Loaded plugin clock (category:base,tabindex:2)
2024-08-01 08:46:42,569 [INFO] PluginManage:310 - Check plugin ddr
2024-08-01 08:46:42,571 [INFO] PluginManage:359 - Loaded plugin ddr (category:tool,tabindex:6)
2024-08-01 08:46:42,571 [INFO] PluginManage:310 - Check plugin filemanager
2024-08-01 08:46:42,715 [INFO] PluginManage:359 - Loaded plugin filemanager (category:base,tabindex:10)
2024-08-01 08:46:42,715 [INFO] PluginManage:310 - Check plugin ipmanager
2024-08-01 08:46:42,719 [INFO] PluginManage:359 - Loaded plugin ipmanager (category:base,tabindex:5)
2024-08-01 08:46:42,720 [INFO] PluginManage:310 - Check plugin lpbam
2024-08-01 08:46:42,730 [INFO] PluginManage:359 - Loaded plugin lpbam (category:base,tabindex:0)
2024-08-01 08:46:42,730 [INFO] PluginManage:310 - Check plugin memorymap
2024-08-01 08:46:42,739 [INFO] PluginManage:359 - Loaded plugin memorymap (category:base,tabindex:4)
2024-08-01 08:46:42,739 [INFO] PluginManage:310 - Check plugin pinoutandconfiguration
2024-08-01 08:46:42,746 [INFO] PluginManage:359 - Loaded plugin pinoutandconfiguration (category:base,tabindex:1)
2024-08-01 08:46:42,746 [INFO] PluginManage:310 - Check plugin pinoutconfig
2024-08-01 08:46:42,815 [WARN] SupportedApi:132 - Cannot load RTOS API schema: s4s-elt-must-match.1: The content of 'definitions' must match (annotation?, (simpleType | complexType)?, (unique | key | keyref)*)). A problem was found starting at: attribute.
2024-08-01 08:46:43,006 [INFO] PluginManage:359 - Loaded plugin pinoutconfig (category:base,tabindex:0)
2024-08-01 08:46:43,006 [INFO] PluginManage:310 - Check plugin power
2024-08-01 08:46:43,022 [INFO] PluginManage:359 - Loaded plugin power (category:power,tabindex:4)
2024-08-01 08:46:43,023 [INFO] PluginManage:310 - Check plugin projectmanager
2024-08-01 08:46:43,045 [INFO] PluginManage:359 - Loaded plugin projectmanager (category:projectmanager,tabindex:4)
2024-08-01 08:46:43,046 [INFO] PluginManage:310 - Check plugin rif
2024-08-01 08:46:43,051 [INFO] PluginManage:359 - Loaded plugin rif (category:base,tabindex:3)
2024-08-01 08:46:43,052 [INFO] PluginManage:310 - Check plugin thirdparty
2024-08-01 08:46:43,192 [WARN] IntegrityCheckThread:84 - waiting for thirdparty lock release [integrity check]
2024-08-01 08:46:43,192 [INFO] PluginManage:359 - Loaded plugin thirdparty (category:base,tabindex:-1)
2024-08-01 08:46:43,192 [INFO] IntegrityCheckThread:86 - entering critical section [integrity check]
2024-08-01 08:46:43,192 [INFO] PluginManage:310 - Check plugin tools
2024-08-01 08:46:43,193 [INFO] ThirdPartyUpdaterWithRetryManager:70 - Updater plugin not ready yet. [1/15]
2024-08-01 08:46:43,196 [INFO] PluginManage:359 - Loaded plugin tools (category:base,tabindex:7)
2024-08-01 08:46:43,197 [INFO] PluginManage:310 - Check plugin tutovideos
2024-08-01 08:46:43,345 [INFO] PluginManage:359 - Loaded plugin tutovideos (category:base,tabindex:-1)
2024-08-01 08:46:43,345 [INFO] PluginManage:310 - Check plugin updater
2024-08-01 08:46:43,360 [INFO] PluginManage:359 - Loaded plugin updater (category:base,tabindex:12)
2024-08-01 08:46:43,360 [INFO] PluginManage:310 - Check plugin userauth
2024-08-01 08:46:43,364 [INFO] UserAuth:113 - Init User Auth plugin
2024-08-01 08:46:43,365 [INFO] PluginManage:359 - Loaded plugin userauth (category:base,tabindex:14)
2024-08-01 08:46:43,365 [INFO] PluginManage:283 - PluginManage : Loaded plugins [18]
2024-08-01 08:46:43,532 [INFO] PinOutPanel:1561 - setPackage(No Configuration,No Configuration)
2024-08-01 08:46:43,621 [INFO] CADModel:165 - CPN selected for project level
2024-08-01 08:46:43,621 [INFO] CADModel:114 - Register for checkConnection events
2024-08-01 08:46:43,637 [INFO] IPUIPlugin:80 - create IPUIPlugin
2024-08-01 08:46:43,637 [INFO] PluginManager:220 - loadIPPluginJar : add mdma
2024-08-01 08:46:43,644 [INFO] IPUIPlugin:80 - create IPUIPlugin
2024-08-01 08:46:43,645 [INFO] PluginManager:220 - loadIPPluginJar : add gic
2024-08-01 08:46:43,649 [INFO] IPUIPlugin:80 - create IPUIPlugin
2024-08-01 08:46:43,650 [INFO] PluginManager:220 - loadIPPluginJar : add gtzc
2024-08-01 08:46:43,655 [INFO] IPUIPlugin:80 - create IPUIPlugin
2024-08-01 08:46:43,655 [INFO] PluginManager:220 - loadIPPluginJar : add can
2024-08-01 08:46:43,660 [INFO] IPUIPlugin:80 - create IPUIPlugin
2024-08-01 08:46:43,660 [INFO] PluginManager:220 - loadIPPluginJar : add ddr_ctrl_phy
2024-08-01 08:46:43,665 [INFO] IPUIPlugin:80 - create IPUIPlugin
2024-08-01 08:46:43,665 [INFO] PluginManager:220 - loadIPPluginJar : add sai
2024-08-01 08:46:43,667 [INFO] IPUIPlugin:80 - create IPUIPlugin
2024-08-01 08:46:43,668 [INFO] PluginManager:220 - loadIPPluginJar : add cryp
2024-08-01 08:46:43,670 [INFO] IPUIPlugin:80 - create IPUIPlugin
2024-08-01 08:46:43,670 [INFO] PluginManager:220 - loadIPPluginJar : add aes
2024-08-01 08:46:43,673 [INFO] IPUIPlugin:80 - create IPUIPlugin
2024-08-01 08:46:43,673 [INFO] PluginManager:220 - loadIPPluginJar : add i2s
2024-08-01 08:46:43,677 [INFO] IPUIPlugin:80 - create IPUIPlugin
2024-08-01 08:46:43,677 [INFO] PluginManager:220 - loadIPPluginJar : add openamp
2024-08-01 08:46:43,680 [INFO] IPUIPlugin:80 - create IPUIPlugin
2024-08-01 08:46:43,680 [INFO] PluginManager:220 - loadIPPluginJar : add usart
2024-08-01 08:46:43,682 [INFO] IPUIPlugin:80 - create IPUIPlugin
2024-08-01 08:46:43,682 [INFO] PluginManager:220 - loadIPPluginJar : add ltdc
2024-08-01 08:46:43,683 [INFO] IPUIPlugin:80 - create IPUIPlugin
2024-08-01 08:46:43,683 [INFO] PluginManager:220 - loadIPPluginJar : add fatfs
2024-08-01 08:46:43,691 [INFO] IPUIPlugin:80 - create IPUIPlugin
2024-08-01 08:46:43,692 [INFO] PluginManager:220 - loadIPPluginJar : add dma
2024-08-01 08:46:43,694 [INFO] IPUIPlugin:80 - create IPUIPlugin
2024-08-01 08:46:43,694 [INFO] PluginManager:220 - loadIPPluginJar : add dma3
2024-08-01 08:46:43,696 [INFO] IPUIPlugin:80 - create IPUIPlugin
2024-08-01 08:46:43,696 [INFO] PluginManager:220 - loadIPPluginJar : add hash
2024-08-01 08:46:43,698 [INFO] IPUIPlugin:80 - create IPUIPlugin
2024-08-01 08:46:43,698 [INFO] PluginManager:220 - loadIPPluginJar : add tracer_emb
2024-08-01 08:46:43,700 [INFO] IPUIPlugin:80 - create IPUIPlugin
2024-08-01 08:46:43,701 [INFO] PluginManager:220 - loadIPPluginJar : add extmemmanager
2024-08-01 08:46:43,705 [INFO] IPUIPlugin:80 - create IPUIPlugin
2024-08-01 08:46:43,706 [INFO] PluginManager:220 - loadIPPluginJar : add resmgrutility
2024-08-01 08:46:43,707 [INFO] IPUIPlugin:80 - create IPUIPlugin
2024-08-01 08:46:43,708 [INFO] PluginManager:220 - loadIPPluginJar : add tim
2024-08-01 08:46:43,710 [INFO] IPUIPlugin:80 - create IPUIPlugin
2024-08-01 08:46:43,710 [INFO] PluginManager:220 - loadIPPluginJar : add ts
2024-08-01 08:46:43,712 [INFO] IPUIPlugin:80 - create IPUIPlugin
2024-08-01 08:46:43,712 [INFO] PluginManager:220 - loadIPPluginJar : add genericplugin
2024-08-01 08:46:43,714 [INFO] IPUIPlugin:80 - create IPUIPlugin
2024-08-01 08:46:43,714 [INFO] PluginManager:220 - loadIPPluginJar : add comp
2024-08-01 08:46:43,717 [INFO] IPUIPlugin:80 - create IPUIPlugin
2024-08-01 08:46:43,717 [INFO] PluginManager:220 - loadIPPluginJar : add dfsdm
2024-08-01 08:46:43,725 [INFO] IPUIPlugin:80 - create IPUIPlugin
2024-08-01 08:46:43,725 [INFO] PluginManager:220 - loadIPPluginJar : add linkedlist
2024-08-01 08:46:43,730 [INFO] IPUIPlugin:80 - create IPUIPlugin
2024-08-01 08:46:43,730 [INFO] PluginManager:220 - loadIPPluginJar : add gpio
2024-08-01 08:46:43,732 [INFO] IPUIPlugin:80 - create IPUIPlugin
2024-08-01 08:46:43,733 [INFO] PluginManager:220 - loadIPPluginJar : add radio
2024-08-01 08:46:43,735 [INFO] IPUIPlugin:80 - create IPUIPlugin
2024-08-01 08:46:43,736 [INFO] PluginManager:220 - loadIPPluginJar : add ipddr
2024-08-01 08:46:43,738 [INFO] IPUIPlugin:80 - create IPUIPlugin
2024-08-01 08:46:43,738 [INFO] PluginManager:220 - loadIPPluginJar : add lorawan
2024-08-01 08:46:43,745 [INFO] IPUIPlugin:80 - create IPUIPlugin
2024-08-01 08:46:43,745 [INFO] PluginManager:220 - loadIPPluginJar : add freertos
2024-08-01 08:46:43,748 [INFO] IPUIPlugin:80 - create IPUIPlugin
2024-08-01 08:46:43,748 [INFO] PluginManager:220 - loadIPPluginJar : add i3c
2024-08-01 08:46:43,750 [INFO] IPUIPlugin:80 - create IPUIPlugin
2024-08-01 08:46:43,750 [INFO] PluginManager:220 - loadIPPluginJar : add ucpd
2024-08-01 08:46:43,751 [INFO] IPUIPlugin:80 - create IPUIPlugin
2024-08-01 08:46:43,751 [INFO] PluginManager:220 - loadIPPluginJar : add quadspi
2024-08-01 08:46:43,753 [INFO] IPUIPlugin:80 - create IPUIPlugin
2024-08-01 08:46:43,753 [INFO] PluginManager:220 - loadIPPluginJar : add gfxmmu
2024-08-01 08:46:43,761 [INFO] IPUIPlugin:80 - create IPUIPlugin
2024-08-01 08:46:43,761 [INFO] PluginManager:220 - loadIPPluginJar : add adc
2024-08-01 08:46:43,763 [INFO] IPUIPlugin:80 - create IPUIPlugin
2024-08-01 08:46:43,763 [INFO] PluginManager:220 - loadIPPluginJar : add tsc
2024-08-01 08:46:43,765 [INFO] IPUIPlugin:80 - create IPUIPlugin
2024-08-01 08:46:43,765 [INFO] PluginManager:220 - loadIPPluginJar : add usbx
2024-08-01 08:46:43,767 [INFO] IPUIPlugin:80 - create IPUIPlugin
2024-08-01 08:46:43,767 [INFO] PluginManager:220 - loadIPPluginJar : add pdm2pcm
2024-08-01 08:46:43,770 [INFO] IPUIPlugin:80 - create IPUIPlugin
2024-08-01 08:46:43,770 [INFO] PluginManager:220 - loadIPPluginJar : add opamp
2024-08-01 08:46:43,777 [INFO] IPUIPlugin:80 - create IPUIPlugin
2024-08-01 08:46:43,779 [INFO] PluginManager:220 - loadIPPluginJar : add plateformsettings
2024-08-01 08:46:43,781 [INFO] IPUIPlugin:80 - create IPUIPlugin
2024-08-01 08:46:43,781 [INFO] PluginManager:220 - loadIPPluginJar : add spi
2024-08-01 08:46:43,783 [INFO] IPUIPlugin:80 - create IPUIPlugin
2024-08-01 08:46:43,783 [INFO] PluginManager:220 - loadIPPluginJar : add touchsensing
2024-08-01 08:46:43,787 [INFO] IPUIPlugin:80 - create IPUIPlugin
2024-08-01 08:46:43,787 [INFO] PluginManager:220 - loadIPPluginJar : add stm32_wpan
2024-08-01 08:46:43,792 [INFO] IPUIPlugin:80 - create IPUIPlugin
2024-08-01 08:46:43,792 [INFO] PluginManager:220 - loadIPPluginJar : add fmc
2024-08-01 08:46:43,797 [INFO] IPUIPlugin:80 - create IPUIPlugin
2024-08-01 08:46:43,797 [INFO] PluginManager:220 - loadIPPluginJar : add nvic
2024-08-01 08:46:43,799 [INFO] IPUIPlugin:80 - create IPUIPlugin
2024-08-01 08:46:43,799 [INFO] PluginManager:220 - loadIPPluginJar : add i2c
2024-08-01 08:46:43,897 [INFO] CADModel:165 - CPN selected for project level
2024-08-01 08:46:43,897 [INFO] CADModel:114 - Register for checkConnection events
2024-08-01 08:46:43,898 [FATAL] Updater:334 - Updater called before beeing initialized
2024-08-01 08:46:43,898 [ERROR] CADModel:125 - Updater not yet initialized, retry later 
2024-08-01 08:46:44,002 [INFO] CADModel:165 - CPN selected for project level
2024-08-01 08:46:44,002 [INFO] CADModel:114 - Register for checkConnection events
2024-08-01 08:46:44,002 [FATAL] Updater:334 - Updater called before beeing initialized
2024-08-01 08:46:44,002 [ERROR] CADModel:125 - Updater not yet initialized, retry later 
2024-08-01 08:46:44,005 [FATAL] Updater:334 - Updater called before beeing initialized
2024-08-01 08:46:44,067 [FATAL] Updater:334 - Updater called before beeing initialized
2024-08-01 08:46:44,070 [INFO] DbMcusAds:53 - JSON generation date=Thu May 16 09:22:00 UTC 2024 (1715851320667)
2024-08-01 08:46:44,071 [FATAL] Updater:334 - Updater called before beeing initialized
2024-08-01 08:46:44,100 [WARN] DetailPanel:346 - Failed to get advertising image, set to default
2024-08-01 08:46:44,154 [FATAL] Updater:334 - Updater called before beeing initialized
2024-08-01 08:46:44,156 [FATAL] Updater:334 - Updater called before beeing initialized
2024-08-01 08:46:44,156 [FATAL] Updater:334 - Updater called before beeing initialized
2024-08-01 08:46:44,156 [WARN] DetailPanel:346 - Failed to get advertising image, set to default
2024-08-01 08:46:44,156 [FATAL] Updater:334 - Updater called before beeing initialized
2024-08-01 08:46:44,183 [ERROR] Updater:1164 - MainUpdater not yet initialized. External WinMGr cannot be set.
2024-08-01 08:46:44,185 [INFO] Updater:1100 - Updater Version found : 6.12.0
2024-08-01 08:46:44,203 [INFO] ApplicationProperties:184 - Using Application install path: /opt/st/stm32cubeide_1.16.0/plugins/com.st.stm32cube.common.mx_6.12.0.202406281431
2024-08-01 08:46:44,399 [INFO] MainUpdater:2873 - connection check result : 10
2024-08-01 08:46:44,399 [INFO] MainUpdater:290 - Updater Check For Update Now.
2024-08-01 08:46:44,399 [INFO] MicroXplorer:498 - Change Database Version : DB.6.0.120
2024-08-01 08:46:44,404 [INFO] McuFinderGlobals:63 - Set McuFinder mode to 2 (CubeIDE integrated)
2024-08-01 08:46:44,404 [INFO] UserAuth:179 - activating auth plugin
2024-08-01 08:46:44,407 [INFO] UserAuth:417 - Internet connection configuration mode: 1
2024-08-01 08:46:44,419 [INFO] JxBrowserEngine:152 - Initiate JxBrowser Engine with user profile folder
2024-08-01 08:46:44,569 [INFO] CheckServerUpdateThread:120 - End of CheckServer Thread
2024-08-01 08:46:45,249 [INFO] WebApp:167 - Instantiating new browser for Auth
2024-08-01 08:46:45,890 [INFO] WebApp:448 - Apply proxy settings
2024-08-01 08:46:45,890 [INFO] WebApp:533 - Chromium requires no authentication
2024-08-01 08:46:45,897 [INFO] WebApp:476 - Direct internet connection detected
2024-08-01 08:46:45,914 [INFO] WebApp:869 - Register for checkConnection events
2024-08-01 08:46:45,914 [INFO] WebApp:448 - Apply proxy settings
2024-08-01 08:46:45,914 [INFO] WebApp:533 - Chromium requires no authentication
2024-08-01 08:46:45,915 [INFO] WebApp:476 - Direct internet connection detected
2024-08-01 08:46:46,033 [INFO] WebApp:220 - Starting web application
2024-08-01 08:46:46,033 [INFO] WebApp:578 - Web application path used /opt/st/stm32cubeide_1.16.0/plugins/com.st.stm32cube.common.mx_6.12.0.202406281431/db/plugins/mcufinder/reactClient1/index.html
2024-08-01 08:46:46,283 [WARN] PackLoader:240 - Cannot read IP mode file for STMicroelectronics.FP-SNS-MOTENVWB1.1.4.0
2024-08-01 08:46:46,293 [WARN] PackLoader:240 - Cannot read IP mode file for STMicroelectronics.X-CUBE-SMBUS.2.1.0
2024-08-01 08:46:46,332 [WARN] PackLoader:240 - Cannot read IP mode file for STMicroelectronics.X-CUBE-AZRTOS-F7.1.1.0
2024-08-01 08:46:46,348 [WARN] PackLoader:240 - Cannot read IP mode file for STMicroelectronics.FP-SNS-FLIGHT1.5.0.2
2024-08-01 08:46:46,362 [WARN] PackLoader:240 - Cannot read IP mode file for STMicroelectronics.X-CUBE-DISPLAY.3.0.0
2024-08-01 08:46:46,381 [WARN] PackLoader:240 - Cannot read IP mode file for STMicroelectronics.X-CUBE-BLE1.7.0.0
2024-08-01 08:46:46,405 [WARN] PackLoader:240 - Cannot read IP mode file for emotas.I-CUBE-CANOPEN.1.3.0
2024-08-01 08:46:46,432 [WARN] PackLoader:240 - Cannot read IP mode file for STMicroelectronics.X-CUBE-BLEMGR.3.1.0
2024-08-01 08:46:46,447 [WARN] PackLoader:240 - Cannot read IP mode file for STMicroelectronics.FP-SNS-SMARTAG2.1.2.0
2024-08-01 08:46:46,452 [INFO] WebApp:186 - Connection restablished
2024-08-01 08:46:46,462 [INFO] LogOutputStream:77 - [STDOUT_REDIRECT] 1 : Invalid condition id : UX_CORESTACK_Condition cause : null
2024-08-01 08:46:46,462 [INFO] LogOutputStream:77 - [STDOUT_REDIRECT] 1 : Invalid condition id : UX_CORESTACK_Condition cause : null
2024-08-01 08:46:46,463 [INFO] LogOutputStream:77 - [STDOUT_REDIRECT] 1 : Invalid condition id : UX_CORESTACK_Condition cause : null
2024-08-01 08:46:46,463 [INFO] LogOutputStream:77 - [STDOUT_REDIRECT] 1 : Invalid condition id : UX_CORESTACK_Condition cause : null
2024-08-01 08:46:46,464 [INFO] LogOutputStream:77 - [STDOUT_REDIRECT] 1 : Invalid condition id : UX_CORESTACK_Condition cause : null
2024-08-01 08:46:46,486 [WARN] PackLoader:240 - Cannot read IP mode file for STMicroelectronics.X-CUBE-AZRTOS-WL.2.0.0
2024-08-01 08:46:46,498 [WARN] PackLoader:240 - Cannot read IP mode file for STMicroelectronics.FP-SNS-MOTENV1.5.0.0
2024-08-01 08:46:46,513 [WARN] PackLoader:240 - Cannot read IP mode file for wolfSSL.I-CUBE-wolfMQTT.1.19.0
2024-08-01 08:46:46,522 [WARN] PackLoader:240 - Cannot read IP mode file for WES.I-CUBE-Cesium.1.3.0
2024-08-01 08:46:46,536 [WARN] PackLoader:240 - Cannot read IP mode file for STMicroelectronics.X-CUBE-BLE2.3.3.0
2024-08-01 08:46:46,542 [WARN] PackLoader:240 - Cannot read IP mode file for STMicroelectronics.X-CUBE-TCPP.4.1.0
2024-08-01 08:46:46,559 [WARN] PackLoader:240 - Cannot read IP mode file for STMicroelectronics.X-CUBE-AZRTOS-G0.1.1.0
2024-08-01 08:46:46,568 [WARN] PackLoader:240 - Cannot read IP mode file for STMicroelectronics.X-CUBE-SAFEA1.1.2.2
2024-08-01 08:46:46,575 [WARN] PackLoader:240 - Cannot read IP mode file for STMicroelectronics.X-CUBE-NFC4.3.0.0
2024-08-01 08:46:46,590 [WARN] PackLoader:240 - Cannot read IP mode file for EmbeddedOffice.I-CUBE-FS-RTOS.1.0.1
2024-08-01 08:46:46,590 [ERROR] ConditionMgr:805 - Attr not supported : Dmpu
2024-08-01 08:46:46,591 [ERROR] ConditionMgr:805 - Attr not supported : Dmpu
2024-08-01 08:46:46,591 [ERROR] ConditionMgr:805 - Attr not supported : Dmpu
2024-08-01 08:46:46,591 [ERROR] ConditionMgr:805 - Attr not supported : Dmpu
2024-08-01 08:46:46,591 [ERROR] ConditionMgr:805 - Attr not supported : Dmpu
2024-08-01 08:46:46,591 [ERROR] ConditionMgr:805 - Attr not supported : Dmpu
2024-08-01 08:46:46,591 [ERROR] ConditionMgr:805 - Attr not supported : Dmpu
2024-08-01 08:46:46,591 [ERROR] ConditionMgr:805 - Attr not supported : Dmpu
2024-08-01 08:46:46,591 [ERROR] ConditionMgr:805 - Attr not supported : Dmpu
2024-08-01 08:46:46,591 [ERROR] ConditionMgr:805 - Attr not supported : Dmpu
2024-08-01 08:46:46,591 [ERROR] ConditionMgr:805 - Attr not supported : Dmpu
2024-08-01 08:46:46,591 [ERROR] ConditionMgr:805 - Attr not supported : Dmpu
2024-08-01 08:46:46,591 [ERROR] ConditionMgr:805 - Attr not supported : Dmpu
2024-08-01 08:46:46,591 [ERROR] ConditionMgr:805 - Attr not supported : Dmpu
2024-08-01 08:46:46,591 [ERROR] ConditionMgr:805 - Attr not supported : Dmpu
2024-08-01 08:46:46,591 [ERROR] ConditionMgr:805 - Attr not supported : Dmpu
2024-08-01 08:46:46,592 [ERROR] ConditionMgr:805 - Attr not supported : Dmpu
2024-08-01 08:46:46,592 [ERROR] ConditionMgr:805 - Attr not supported : Dmpu
2024-08-01 08:46:46,592 [ERROR] ConditionMgr:805 - Attr not supported : Dmpu
2024-08-01 08:46:46,592 [ERROR] ConditionMgr:805 - Attr not supported : Dmpu
2024-08-01 08:46:46,592 [ERROR] ConditionMgr:805 - Attr not supported : Dmpu
2024-08-01 08:46:46,592 [ERROR] ConditionMgr:805 - Attr not supported : Dmpu
2024-08-01 08:46:46,592 [ERROR] ConditionMgr:805 - Attr not supported : Dmpu
2024-08-01 08:46:46,592 [ERROR] ConditionMgr:805 - Attr not supported : Dmpu
2024-08-01 08:46:46,592 [ERROR] ConditionMgr:805 - Attr not supported : Dmpu
2024-08-01 08:46:46,593 [ERROR] ConditionMgr:805 - Attr not supported : Dmpu
2024-08-01 08:46:46,593 [ERROR] ConditionMgr:805 - Attr not supported : Dmpu
2024-08-01 08:46:46,593 [ERROR] ConditionMgr:805 - Attr not supported : Dmpu
2024-08-01 08:46:46,593 [ERROR] ConditionMgr:805 - Attr not supported : Dmpu
2024-08-01 08:46:46,593 [ERROR] ConditionMgr:805 - Attr not supported : Dmpu
2024-08-01 08:46:46,593 [ERROR] ConditionMgr:805 - Attr not supported : Dmpu
2024-08-01 08:46:46,593 [ERROR] ConditionMgr:805 - Attr not supported : Dmpu
2024-08-01 08:46:46,594 [ERROR] ConditionMgr:805 - Attr not supported : Dmpu
2024-08-01 08:46:46,594 [ERROR] ConditionMgr:805 - Attr not supported : Dmpu
2024-08-01 08:46:46,594 [ERROR] ConditionMgr:805 - Attr not supported : Dmpu
2024-08-01 08:46:46,594 [ERROR] ConditionMgr:805 - Attr not supported : Dmpu
2024-08-01 08:46:46,594 [ERROR] ConditionMgr:805 - Attr not supported : Dmpu
2024-08-01 08:46:46,594 [ERROR] ConditionMgr:805 - Attr not supported : Dmpu
2024-08-01 08:46:46,594 [ERROR] ConditionMgr:805 - Attr not supported : Dmpu
2024-08-01 08:46:46,594 [ERROR] ConditionMgr:805 - Attr not supported : Dmpu
2024-08-01 08:46:46,594 [ERROR] ConditionMgr:805 - Attr not supported : Dmpu
2024-08-01 08:46:46,594 [ERROR] ConditionMgr:805 - Attr not supported : Dmpu
2024-08-01 08:46:46,594 [ERROR] ConditionMgr:805 - Attr not supported : Dmpu
2024-08-01 08:46:46,595 [ERROR] ConditionMgr:805 - Attr not supported : Dmpu
2024-08-01 08:46:46,595 [ERROR] ConditionMgr:805 - Attr not supported : Dmpu
2024-08-01 08:46:46,595 [ERROR] ConditionMgr:805 - Attr not supported : Dmpu
2024-08-01 08:46:46,595 [ERROR] ConditionMgr:805 - Attr not supported : Dmpu
2024-08-01 08:46:46,595 [ERROR] ConditionMgr:805 - Attr not supported : Dmpu
2024-08-01 08:46:46,595 [ERROR] ConditionMgr:805 - Attr not supported : Dmpu
2024-08-01 08:46:46,595 [ERROR] ConditionMgr:805 - Attr not supported : Dmpu
2024-08-01 08:46:46,595 [ERROR] ConditionMgr:805 - Attr not supported : Dmpu
2024-08-01 08:46:46,595 [ERROR] ConditionMgr:805 - Attr not supported : Dmpu
2024-08-01 08:46:46,595 [ERROR] ConditionMgr:805 - Attr not supported : Dmpu
2024-08-01 08:46:46,595 [ERROR] ConditionMgr:805 - Attr not supported : Dmpu
2024-08-01 08:46:46,595 [ERROR] ConditionMgr:805 - Attr not supported : Dmpu
2024-08-01 08:46:46,595 [ERROR] ConditionMgr:805 - Attr not supported : Dmpu
2024-08-01 08:46:46,596 [ERROR] ConditionMgr:805 - Attr not supported : Dmpu
2024-08-01 08:46:46,596 [ERROR] ConditionMgr:805 - Attr not supported : Dmpu
2024-08-01 08:46:46,596 [ERROR] ConditionMgr:805 - Attr not supported : Dmpu
2024-08-01 08:46:46,596 [ERROR] ConditionMgr:805 - Attr not supported : Dmpu
2024-08-01 08:46:46,596 [ERROR] ConditionMgr:805 - Attr not supported : Dmpu
2024-08-01 08:46:46,596 [ERROR] ConditionMgr:805 - Attr not supported : Dmpu
2024-08-01 08:46:46,596 [ERROR] ConditionMgr:805 - Attr not supported : Dmpu
2024-08-01 08:46:46,596 [ERROR] ConditionMgr:805 - Attr not supported : Dmpu
2024-08-01 08:46:46,604 [WARN] PackLoader:240 - Cannot read IP mode file for RealThread.X-CUBE-RT-Thread_Nano.4.1.1
2024-08-01 08:46:46,612 [WARN] PackLoader:240 - Cannot read IP mode file for STMicroelectronics.FP-ATR-SIGFOX1.3.2.0
2024-08-01 08:46:46,616 [WARN] PackLoader:240 - Cannot read IP mode file for wolfSSL.I-CUBE-wolfSSL.5.7.2
2024-08-01 08:46:46,622 [WARN] PackLoader:240 - Cannot read IP mode file for STMicroelectronics.X-CUBE-EEPRMA1.5.1.0
2024-08-01 08:46:46,631 [WARN] PackLoader:240 - Cannot read IP mode file for ITTIA_DB.I-CUBE-ITTIADB.8.9.0
2024-08-01 08:46:46,662 [WARN] PackLoader:240 - Cannot read IP mode file for SEGGER.I-CUBE-embOS.1.3.1
2024-08-01 08:46:46,705 [WARN] PackLoader:240 - Cannot read IP mode file for STMicroelectronics.X-CUBE-ALGOBUILD.1.4.0
2024-08-01 08:46:46,712 [WARN] PackLoader:240 - Cannot read IP mode file for STMicroelectronics.X-CUBE-GNSS1.6.0.0
2024-08-01 08:46:46,742 [WARN] PackLoader:240 - Cannot read IP mode file for STMicroelectronics.X-CUBE-AZRTOS-F4.1.1.0
2024-08-01 08:46:46,751 [WARN] PackLoader:240 - Cannot read IP mode file for STMicroelectronics.X-CUBE-FREERTOS.1.2.0
2024-08-01 08:46:46,763 [WARN] PackLoader:240 - Cannot read IP mode file for STMicroelectronics.X-CUBE-AZRTOS-L5.2.0.0
2024-08-01 08:46:46,770 [WARN] PackLoader:240 - Cannot read IP mode file for STMicroelectronics.X-CUBE-NFC6.3.1.0
2024-08-01 08:46:46,779 [WARN] PackLoader:240 - Cannot read IP mode file for STMicroelectronics.X-CUBE-DPower.1.2.0
2024-08-01 08:46:46,783 [WARN] PackLoader:240 - Cannot read IP mode file for STMicroelectronics.X-CUBE-AI.9.0.0
2024-08-01 08:46:46,787 [WARN] PackLoader:240 - Cannot read IP mode file for STMicroelectronics.X-CUBE-NFC7.1.0.1
2024-08-01 08:46:46,792 [WARN] PackLoader:240 - Cannot read IP mode file for wolfSSL.I-CUBE-wolfTPM.3.2.0
2024-08-01 08:46:46,815 [WARN] ConditionMgr:438 - getConditionDescription Invalid condition id : LAN8742 Phy interface Condition cause : null
2024-08-01 08:46:46,816 [WARN] PackLoader:240 - Cannot read IP mode file for STMicroelectronics.X-CUBE-AZRTOS-L4.2.0.0
2024-08-01 08:46:46,818 [WARN] ConditionMgr:1039 - genDependencies : Invalid condition id : LAN8742 Phy interface Condition cause : null
2024-08-01 08:46:46,818 [WARN] ConditionMgr:1039 - genDependencies : Invalid condition id : LAN8742 Phy interface Condition cause : null
2024-08-01 08:46:46,819 [WARN] ConditionMgr:1039 - genDependencies : Invalid condition id : LAN8742 Phy interface Condition cause : null
2024-08-01 08:46:46,829 [WARN] PackLoader:240 - Cannot read IP mode file for STMicroelectronics.X-CUBE-SFXS2LP1.4.0.0
2024-08-01 08:46:46,843 [WARN] ConditionMgr:438 - getConditionDescription Invalid condition id : UX DEVICE CLASS RTOS Condition cause : null
2024-08-01 08:46:46,844 [WARN] ConditionMgr:438 - getConditionDescription Invalid condition id : UX DEVICE CLASS RTOS Condition cause : null
2024-08-01 08:46:46,846 [WARN] PackLoader:240 - Cannot read IP mode file for STMicroelectronics.X-CUBE-AZRTOS-WB.2.0.0
2024-08-01 08:46:46,847 [WARN] ConditionMgr:1039 - genDependencies : Invalid condition id : UX DEVICE CLASS RTOS Condition cause : null
2024-08-01 08:46:46,847 [WARN] ConditionMgr:1039 - genDependencies : Invalid condition id : UX DEVICE CLASS RTOS Condition cause : null
2024-08-01 08:46:46,848 [WARN] ConditionMgr:1039 - genDependencies : Invalid condition id : UX DEVICE CLASS RTOS Condition cause : null
2024-08-01 08:46:46,848 [WARN] ConditionMgr:1039 - genDependencies : Invalid condition id : UX DEVICE CLASS RTOS Condition cause : null
2024-08-01 08:46:46,848 [WARN] ConditionMgr:1039 - genDependencies : Invalid condition id : UX DEVICE CLASS RTOS Condition cause : null
2024-08-01 08:46:46,854 [WARN] PackLoader:240 - Cannot read IP mode file for STMicroelectronics.FP-SNS-STBOX1.2.0.0
2024-08-01 08:46:46,867 [WARN] PackLoader:240 - Cannot read IP mode file for STMicroelectronics.X-CUBE-SUBG2.5.0.0
2024-08-01 08:46:46,875 [WARN] PackLoader:240 - Cannot read IP mode file for Cesanta.I-CUBE-Mongoose.7.13.0
2024-08-01 08:46:46,885 [WARN] PackLoader:240 - Cannot read IP mode file for STMicroelectronics.X-CUBE-AZRTOS-G4.2.0.0
2024-08-01 08:46:46,888 [WARN] PackLoader:240 - Cannot read IP mode file for STMicroelectronics.X-CUBE-ISPU.2.0.0
2024-08-01 08:46:46,891 [WARN] PackLoader:240 - Cannot read IP mode file for STMicroelectronics.X-CUBE-ALS.1.0.2
2024-08-01 08:46:46,914 [WARN] PackLoader:240 - Cannot read IP mode file for STMicroelectronics.X-CUBE-MEMS1.10.0.0
2024-08-01 08:46:47,007 [WARN] PackLoader:240 - Cannot read IP mode file for STMicroelectronics.X-CUBE-TOUCHGFX.4.24.0
2024-08-01 08:46:47,011 [WARN] PackLoader:240 - Cannot read IP mode file for portGmbH.I-Cube-SoM-uGOAL.1.1.0
2024-08-01 08:46:47,024 [WARN] PackLoader:240 - Cannot read IP mode file for STMicroelectronics.X-CUBE-AZRTOS-H7RS.1.0.0
2024-08-01 08:46:47,029 [WARN] PackLoader:240 - Cannot read IP mode file for STMicroelectronics.FP-ATR-ASTRA1.2.0.0
2024-08-01 08:46:47,036 [WARN] PackLoader:240 - Cannot read IP mode file for STMicroelectronics.X-CUBE-TOF1.3.4.2
2024-08-01 08:46:47,055 [WARN] PackLoader:240 - Cannot read IP mode file for STMicroelectronics.X-CUBE-AZRTOS-H7.3.2.0
2024-08-01 08:46:47,065 [WARN] PackLoader:240 - Cannot read IP mode file for Infineon.AIROC-Wi-Fi-Bluetooth-STM32.1.6.0
2024-08-01 08:46:47,071 [WARN] PackLoader:240 - Cannot read IP mode file for wolfSSL.I-CUBE-wolfSSH.1.4.17
2024-08-01 08:46:47,072 [INFO] ThirdParty:978 - Integrity check success = true
2024-08-01 08:46:47,072 [INFO] IntegrityCheckThread:100 - exiting critical section [integrity check]
2024-08-01 08:46:47,072 [INFO] IntegrityCheckThread:103 - End integrity checks thread
2024-08-01 08:46:48,435 [INFO] McuFinderGlobals:63 - Set McuFinder mode to 2 (CubeIDE integrated)
2024-08-01 08:46:48,435 [INFO] UserAuth:179 - activating auth plugin
2024-08-01 08:46:48,438 [INFO] UserAuth:417 - Internet connection configuration mode: 1
2024-08-01 08:47:11,579 [INFO] WebApp:645 - userauth.ini deleted or not created
2024-08-01 08:47:32,469 [INFO] McuFinderGlobals:63 - Set McuFinder mode to 2 (CubeIDE integrated)
2024-08-01 08:47:32,471 [INFO] MainUpdater:2873 - connection check result : 10
2024-08-01 08:47:32,662 [INFO] ApiDb:581 - Connected to CubeFinder SQLite database (/home/paul/.stmcufinder/plugins/mcufinder/mcu/cube-finder-db.db)
2024-08-01 08:47:32,700 [INFO] ApiDb:668 - CubeFinder database Data Model version=2.1
2024-08-01 08:47:32,700 [INFO] ApiDb:669 - CubeFinder database Configuration version=3.0.39
2024-08-01 08:47:32,700 [INFO] ApiDb:670 - CubeFinder database generation date=2024-06-20 (1718880634)
2024-08-01 08:47:32,700 [INFO] ApiDb:671 - CubeFinder database FW Pack versions=[FP-ATR-ASTRA1_V2.0.0, FP-SNS-FLIGHT1_V5.0.2, FP-SNS-MOTENV1_V5.0.0, FP-SNS-MOTENVWB1_V1.4.0, FP-SNS-SMARTAG2_V1.2.0, STM32Cube_FW_C0_V1.2.0, STM32Cube_FW_F4_V1.28.0, STM32Cube_FW_F7_V1.17.2, STM32Cube_FW_G0_V1.6.2, STM32Cube_FW_G4_V1.6.0, STM32Cube_FW_H5_V1.3.0, STM32Cube_FW_H7RS_V1.1.0, STM32Cube_FW_H7_V1.11.2, STM32Cube_FW_L0_V1.12.2, STM32Cube_FW_L5_V1.5.1, STM32Cube_FW_U0_V1.1.0, STM32Cube_FW_U5_V1.6.0, STM32Cube_FW_WB0_V1.0.0, STM32Cube_FW_WBA_V1.4.0, STM32Cube_FW_WB_V1.20.0, STM32Cube_FW_WL_V1.3.0, X-CUBE-ALGOBUILD_V1.4.0, X-CUBE-ALS_V1.0.2, X-CUBE-AZRTOS-F4_V1.1.0, X-CUBE-AZRTOS-F7_V1.1.0, X-CUBE-AZRTOS-G0_V1.1.0, X-CUBE-AZRTOS-G4_V2.0.0, X-CUBE-AZRTOS-H7RS_V1.0.0, X-CUBE-AZRTOS-H7_V3.2.0, X-CUBE-AZRTOS-L4_V2.0.0, X-CUBE-AZRTOS-L5_V1.1.0, X-CUBE-AZRTOS-WB_V2.0.0, X-CUBE-AZRTOS-WL_V2.0.0, X-CUBE-BLE1_V7.0.0, X-CUBE-BLE2_V3.3.0, X-CUBE-BLEMGR_V3.1.0, X-CUBE-EEPRMA1_V5.1.0, X-CUBE-FREERTOS_V1.2.0, X-CUBE-GNSS1_V6.0.0, X-CUBE-MEMS1_V10.0.0, X-CUBE-NFC4_V3.0.0, X-CUBE-NFC7_V1.0.1, X-CUBE-SFXS2LP1_V4.0.0, X-CUBE-SUBG2_V5.0.0, X-CUBE-TOF1_V3.4.1]
2024-08-01 08:47:32,814 [INFO] DbBoardsSqlite:226 - include board P-NUCLEO-WB55-NUCLEO as a kit item of type 'Nucleo-64'
2024-08-01 08:47:32,815 [INFO] DbBoardsSqlite:226 - include board P-NUCLEO-WB55-USBDONGLE as a kit item of type 'Nucleo USB Dongle'
2024-08-01 08:47:32,816 [INFO] DbBoardsSqlite:226 - include board STEVAL-IDP005V1 as a kit item of type 'Evaluation Board'
2024-08-01 08:47:32,816 [INFO] DbBoardsSqlite:226 - include board STEVAL-IDP005V2 as a kit item of type 'Evaluation Board'
2024-08-01 08:47:32,899 [INFO] ApiDb:240 - Found 646 in-development CPN: [B-G473E-ZEST1S, B-WB1M-WPAN1, B-WL5M-SUBG1, NUCLEO-C031C6, NUCLEO-C071RB, NUCLEO-H503RB, NUCLEO-H533RE, NUCLEO-H563ZI, NUCLEO-H7S3L8, NUCLEO-U031R8, NUCLEO-U083RC, NUCLEO-U545RE-Q, NUCLEO-U5A5ZJ-Q, NUCLEO-WB05KZ, NUCLEO-WB07CC, NUCLEO-WB09KE, NUCLEO-WBA52CG, NUCLEO-WBA55CG, STEVAL-PROTEUS1, STEVAL-SMARTAG2, STEVAL-STWINBX1, STM320518-EVAL, STM32C0116-DK, STM32C011D6Y3TR, STM32C011D6Y6TR, STM32C011F4P3, STM32C011F4P6, STM32C011F4U3, STM32C011F4U6TR, STM32C011F6P3, STM32C011F6P6, STM32C011F6U3, STM32C011F6U6TR, STM32C011J4M3, STM32C011J4M6, STM32C011J6M3, STM32C011J6M6, STM32C0316-DK, STM32C031C4T3, STM32C031C4T6, STM32C031C4U3, STM32C031C4U6, STM32C031C6T3, STM32C031C6T6, STM32C031C6U3, STM32C031C6U6, STM32C031F4P3, STM32C031F4P6, STM32C031F6P3, STM32C031F6P6, STM32C031G4U3, STM32C031G4U6, STM32C031G6U3, STM32C031G6U6, STM32C031K4T3, STM32C031K4T6, STM32C031K4U3, STM32C031K4U6, STM32C031K6T3, STM32C031K6T6, STM32C031K6U3, STM32C031K6U6, STM32C071C8T6, STM32C071C8T6N, STM32C071C8U6, STM32C071C8U6N, STM32C071CBT6, STM32C071CBT6N, STM32C071CBU6, STM32C071CBU6N, STM32C071F8P6, STM32C071F8P6N, STM32C071FBP6, STM32C071FBP6N, STM32C071FBY6TR, STM32C071G8U6, STM32C071G8U6N, STM32C071GBU6, STM32C071GBU6N, STM32C071K8T6, STM32C071K8T6N, STM32C071K8U6, STM32C071K8U6N, STM32C071KBT6, STM32C071KBT6N, STM32C071KBU6, STM32C071KBU6N, STM32C071R8T6, STM32C071R8T6N, STM32C071RBI6N, STM32C071RBT6, STM32C071RBT6N, STM32G071K8TXN, STM32G071K8UXN, STM32G081GBU6N, STM32G081KBT6N, STM32G081KBUXN, STM32G0B1CCT6N, STM32G0B1KCT6, STM32G0B1NEY6TR, STM32G0B1RCT6N, STM32G0C1CCT6, STM32G0C1CCT6N, STM32G0C1CCU6N, STM32G0C1CET6N, STM32G0C1CEU6N, STM32G0C1KCT6, STM32G0C1NEY6TR, STM32G0C1RCI6N, STM32G0C1RCT6N, STM32G0C1REI6N, STM32G0C1RET6N, STM32G0C1VCI6, STM32G0C1VEI6, STM32G411C6T3, STM32G411C6T6, STM32G411C6U3, STM32G411C6U6, STM32G411C8T3, STM32G411C8T6, STM32G411C8U3, STM32G411C8U6, STM32G411CBT3, STM32G411CBT6, STM32G411CBU3, STM32G411CBU6, STM32G411K6T3, STM32G411K6T6, STM32G411K6U3, STM32G411K6U6, STM32G411K8T3, STM32G411K8T6, STM32G411K8U3, STM32G411K8U6, STM32G411KBT3, STM32G411KBT6, STM32G411KBU3, STM32G411KBU6, STM32G411M6T3, STM32G411M6T6, STM32G411M8T3, STM32G411M8T6, STM32G411MBT3, STM32G411MBT6, STM32G411R6T3, STM32G411R6T6, STM32G411R8T3, STM32G411R8T6, STM32G411RBT3, STM32G411RBT6, STM32G414CBT3, STM32G414CBT6, STM32G414CBU3, STM32G414CBU6, STM32G414CCT3, STM32G414CCT6, STM32G414CCU3, STM32G414CCU6, STM32G414MBT3, STM32G414MBT6, STM32G414MCT3, STM32G414MCT6, STM32G414RBT3, STM32G414RBT6, STM32G414RCT3, STM32G414RCT6, STM32G414VBT3, STM32G414VBT6, STM32G414VCT3, STM32G414VCT6, STM32G431CBT3Z, STM32G431RBT3Z, STM32G471CCT6, STM32G471CCU6, STM32G471CET3, STM32G471CET6, STM32G471CEU3, STM32G471CEU6, STM32G471MCT6, STM32G471MET3, STM32G471MET6, STM32G471MEY6TR, STM32G471QCT6, STM32G471QET3, STM32G471RCT6, STM32G471RET3, STM32G471RET6, STM32G471VCH6, STM32G471VCI6, STM32G471VCT6, STM32G471VEH3, STM32G471VEH6, STM32G471VEI3, STM32G471VEI6, STM32G471VET3, STM32G471VET6, STM32G473QET3Z, STM32G473RET3Z, STM32G474CCT6, STM32G491RET3Z, STM32H503CBT6, STM32H503CBU6, STM32H503EBY6TR, STM32H503KBU6, STM32H503RBT6, STM32H523CCT6, STM32H523CCU6, STM32H523CET6, STM32H523CEU6, STM32H523HEY6TR, STM32H523RCT6, STM32H523RET6, STM32H523VCI6, STM32H523VCT6, STM32H523VEI6, STM32H523VET6, STM32H523ZCJ6, STM32H523ZCT6, STM32H523ZEJ6, STM32H523ZET6, STM32H533CET6, STM32H533CEU6, STM32H533HEY6TR, STM32H533RET6, STM32H533VEI6, STM32H533VET6, STM32H533ZEJ6, STM32H533ZET6, STM32H562AGI6, STM32H562AII6, STM32H562IGK6, STM32H562IGT6, STM32H562IIK6, STM32H562IIT6, STM32H562RGT6, STM32H562RGV6, STM32H562RIT6, STM32H562RIV6, STM32H562VGT6, STM32H562VIT6, STM32H562ZGT6, STM32H562ZIT6, STM32H563AGI6, STM32H563AII3Q, STM32H563AII6, STM32H563IGK6, STM32H563IGT6, STM32H563IIK3Q, STM32H563IIK6, STM32H563IIT3Q, STM32H563IIT6, STM32H563MIY3QTR, STM32H563RGT6, STM32H563RGV6, STM32H563RIT6, STM32H563RIV6, STM32H563VGT6, STM32H563VIT3Q, STM32H563VIT6, STM32H563ZGT6, STM32H563ZIT3Q, STM32H563ZIT6, STM32H573AII3Q, STM32H573AII6, STM32H573I-DK, STM32H573IIK3Q, STM32H573IIK6, STM32H573IIT3Q, STM32H573IIT6, STM32H573MIY3QTR, STM32H573RIT6, STM32H573RIV6, STM32H573VIT3Q, STM32H573VIT6, STM32H573ZIT3Q, STM32H573ZIT6, STM32H7R3A8I6, STM32H7R3I8K6, STM32H7R3I8T6, STM32H7R3L8H6, STM32H7R3L8H6H, STM32H7R3R8V6, STM32H7R3V8H6, STM32H7R3V8T6, STM32H7R3V8Y6TR, STM32H7R3Z8J6, STM32H7R3Z8T6, STM32H7R7A8I6, STM32H7R7I8K6, STM32H7R7I8T6, STM32H7R7L8H6, STM32H7R7L8H6H, STM32H7R7Z8J6, STM32H7S3A8I6, STM32H7S3I8K6, STM32H7S3I8T6, STM32H7S3L8H6, STM32H7S3L8H6H, STM32H7S3R8V6, STM32H7S3V8H6, STM32H7S3V8T6, STM32H7S3V8Y6TR, STM32H7S3Z8J6, STM32H7S3Z8T6, STM32H7S78-DK, STM32H7S7A8I6, STM32H7S7I8K6, STM32H7S7I8T6, STM32H7S7L8H6, STM32H7S7L8H6H, STM32H7S7Z8J6, STM32L4R5QGI6STR, STM32MP131AAE3, STM32MP131AAF3, STM32MP131AAG3, STM32MP131CAE3, STM32MP131CAF3, STM32MP131CAG3, STM32MP131DAE7, STM32MP131DAF7, STM32MP131DAG7, STM32MP131FAE7, STM32MP131FAF7, STM32MP131FAG7, STM32MP133AAE3, STM32MP133AAF3, STM32MP133AAG3, STM32MP133CAE3, STM32MP133CAF3, STM32MP133CAG3, STM32MP133DAE7, STM32MP133DAF7, STM32MP133DAG7, STM32MP133FAE7, STM32MP133FAF7, STM32MP133FAG7, STM32MP135AAE3, STM32MP135AAF3, STM32MP135AAG3, STM32MP135CAE3, STM32MP135CAF3, STM32MP135CAG3, STM32MP135DAE7, STM32MP135DAF7, STM32MP135DAG7, STM32MP135F-DK, STM32MP135FAE7, STM32MP135FAF7, STM32MP135FAF7T, STM32MP135FAF7U, STM32MP135FAG7, STM32MP251AAI3, STM32MP251AAK3, STM32MP251AAL3, STM32MP251CAI3, STM32MP251CAK3, STM32MP251CAL3, STM32MP251DAI3, STM32MP251DAK3, STM32MP251DAL3, STM32MP251FAI3, STM32MP251FAK3, STM32MP251FAL3, STM32MP253AAI3, STM32MP253AAK3, STM32MP253AAL3, STM32MP253CAI3, STM32MP253CAK3, STM32MP253CAL3, STM32MP253DAI3, STM32MP253DAK3, STM32MP253DAL3, STM32MP253FAI3, STM32MP253FAK3, STM32MP253FAL3, STM32MP255AAI3, STM32MP255AAK3, STM32MP255AAL3, STM32MP255CAI3, STM32MP255CAK3, STM32MP255CAL3, STM32MP255DAI3, STM32MP255DAK3, STM32MP255DAL3, STM32MP255FAI3, STM32MP255FAK3, STM32MP255FAL3, STM32MP257AAI3, STM32MP257AAK3, STM32MP257AAL3, STM32MP257CAI3, STM32MP257CAK3, STM32MP257CAL3, STM32MP257DAI3, STM32MP257DAK3, STM32MP257DAL3, STM32MP257F-DK, STM32MP257F-EV1, STM32MP257FAI3, STM32MP257FAK3, STM32MP257FAL3, STM32U031C6T6, STM32U031C6U6, STM32U031C8T6, STM32U031C8U6, STM32U031F4P6, STM32U031F6P6, STM32U031F8P6, STM32U031G6Y6TR, STM32U031G8Y6TR, STM32U031K4U6, STM32U031K6U6, STM32U031K8U6, STM32U031R6I6, STM32U031R6T6, STM32U031R8I6, STM32U031R8T6, STM32U073C8T6, STM32U073C8U6, STM32U073CBT6, STM32U073CBU6, STM32U073CCT6, STM32U073CCU6, STM32U073H8Y6TR, STM32U073HBY6TR, STM32U073HCY6TR, STM32U073K8U6, STM32U073KBU6, STM32U073KCU6, STM32U073M8I6, STM32U073M8T6, STM32U073MBI6, STM32U073MBT6, STM32U073MCI6, STM32U073MCT6, STM32U073R8I6, STM32U073R8T6, STM32U073RBI6, STM32U073RBT6, STM32U073RCI6, STM32U073RCT6, STM32U083C-DK, STM32U083CCT6, STM32U083CCU6, STM32U083HCY6TR, STM32U083KCU6, STM32U083MCI6, STM32U083MCT6, STM32U083RCI6, STM32U083RCT6, STM32U535CBT6, STM32U535CBT6Q, STM32U535CBU6, STM32U535CBU6Q, STM32U535CCT6, STM32U535CCT6Q, STM32U535CCU6, STM32U535CCU6Q, STM32U535CET6, STM32U535CET6Q, STM32U535CEU6, STM32U535CEU6Q, STM32U535JEY6QTR, STM32U535NCY6QTR, STM32U535NEY6QTR, STM32U535RBI6, STM32U535RBI6Q, STM32U535RBT6, STM32U535RBT6Q, STM32U535RCI6, STM32U535RCI6Q, STM32U535RCT6, STM32U535RCT6Q, STM32U535REI6, STM32U535REI6Q, STM32U535RET6, STM32U535RET6Q, STM32U535VCI6, STM32U535VCI6Q, STM32U535VCT6, STM32U535VCT6Q, STM32U535VEI6, STM32U535VEI6Q, STM32U535VET6, STM32U535VET6Q, STM32U545CET6, STM32U545CET6Q, STM32U545CEU6, STM32U545CEU6Q, STM32U545JEY6QTR, STM32U545NEY6QTR, STM32U545REI6, STM32U545REI6Q, STM32U545RET6, STM32U545RET6Q, STM32U545VEI6, STM32U545VEI6Q, STM32U545VET6, STM32U545VET6Q, STM32U595AIH6, STM32U595AIH6Q, STM32U595AJH6, STM32U595AJH6Q, STM32U595QII6, STM32U595QII6Q, STM32U595QJI6, STM32U595QJI6Q, STM32U595RIT6, STM32U595RIT6Q, STM32U595RJT6, STM32U595RJT6Q, STM32U595VIT6, STM32U595VIT6Q, STM32U595VJT6, STM32U595VJT6Q, STM32U595ZIT6, STM32U595ZIT6Q, STM32U595ZIY6QTR, STM32U595ZJT6, STM32U595ZJT6Q, STM32U595ZJY6QTR, STM32U599BJY6QTR, STM32U599NIH6Q, STM32U599NJH6Q, STM32U599VIT6Q, STM32U599VJT6, STM32U599VJT6Q, STM32U599ZIT6Q, STM32U599ZIY6QTR, STM32U599ZJT6Q, STM32U599ZJY6QTR, STM32U5A5AJH6, STM32U5A5AJH6Q, STM32U5A5QII3Q , STM32U5A5QJI6, STM32U5A5QJI6Q, STM32U5A5RJT6, STM32U5A5RJT6Q, STM32U5A5VJT6, STM32U5A5VJT6Q, STM32U5A5ZJT6, STM32U5A5ZJT6Q, STM32U5A5ZJY6QTR, STM32U5A9BJY6QTR, STM32U5A9J-DK, STM32U5A9NJH6Q, STM32U5A9VJT6Q, STM32U5A9ZJT6Q, STM32U5A9ZJY6QTR, STM32U5F7VIT6, STM32U5F7VIT6Q, STM32U5F7VJT6, STM32U5F7VJT6Q, STM32U5F9BJY6QTR, STM32U5F9NJH6Q, STM32U5F9VIT6Q, STM32U5F9VJT6Q, STM32U5F9ZIJ6QTR, STM32U5F9ZIT6Q, STM32U5F9ZJJ6QTR, STM32U5F9ZJT6Q, STM32U5G7VJT6, STM32U5G7VJT6Q, STM32U5G9BJY6QTR, STM32U5G9J-DK1, STM32U5G9J-DK2, STM32U5G9NJH6Q, STM32U5G9VJT6Q, STM32U5G9ZJJ6QTR, STM32U5G9ZJT6Q, STM32WB05KZV6TR, STM32WB05KZV7TR, STM32WB05TZF6TR, STM32WB05TZF7TR, STM32WB06CCF6TR, STM32WB06CCF7TR, STM32WB06CCV6TR, STM32WB06CCV7TR, STM32WB06KCV6TR, STM32WB06KCV7TR, STM32WB07CCF6TR, STM32WB07CCF7TR, STM32WB07CCV6TR, STM32WB07CCV7TR, STM32WB07KCV6TR, STM32WB07KCV7TR, STM32WB09KEV6TR, STM32WB09KEV7TR, STM32WB09TEF6TR, STM32WB09TEF7TR, STM32WB1MMCH6, STM32WBA50KGU6, STM32WBA50KGU6TR, STM32WBA52CEU6, STM32WBA52CEU6TR, STM32WBA52CEU7, STM32WBA52CEU7TR, STM32WBA52CGU6, STM32WBA52CGU6TR, STM32WBA52CGU6U, STM32WBA52CGU7, STM32WBA52CGU7TR, STM32WBA52KEU6, STM32WBA52KEU6TR, STM32WBA52KGU6, STM32WBA52KGU6TR, STM32WBA54CEU6, STM32WBA54CEU6TR, STM32WBA54CEU7, STM32WBA54CEU7TR, STM32WBA54CGU6, STM32WBA54CGU6TR, STM32WBA54CGU7, STM32WBA54CGU7TR, STM32WBA54KEU6, STM32WBA54KEU6TR, STM32WBA54KEU7, STM32WBA54KEU7TR, STM32WBA54KGU6, STM32WBA54KGU6TR, STM32WBA54KGU7, STM32WBA54KGU7TR, STM32WBA55CEU6, STM32WBA55CEU6TR, STM32WBA55CEU7, STM32WBA55CEU7TR, STM32WBA55CGU6, STM32WBA55CGU6TR, STM32WBA55CGU6U, STM32WBA55CGU7, STM32WBA55CGU7TR, STM32WBA55G-DK1, STM32WBA55HEF6, STM32WBA55HEF7, STM32WBA55HGF6, STM32WBA55HGF7, STM32WBA55UEI6, STM32WBA55UEI6TR, STM32WBA55UEI7, STM32WBA55UEI7TR, STM32WBA55UGI6, STM32WBA55UGI6TR, STM32WBA55UGI7, STM32WBA55UGI7TR, STM32WL5MOCH6, STM32WL5MOCH6TR]
2024-08-01 08:47:33,052 [INFO] BoardInfo:889 - No configuration file found for board P-NUCLEO-WB55
2024-08-01 08:47:33,052 [INFO] DbBoards:161 - Kit is not supported: P-NUCLEO-WB55
2024-08-01 08:47:33,059 [INFO] BoardInfo:889 - No configuration file found for board STEVAL-BFA001V1B
2024-08-01 08:47:33,059 [INFO] DbBoards:161 - Kit is not supported: STEVAL-BFA001V1B
2024-08-01 08:47:33,061 [INFO] BoardInfo:889 - No configuration file found for board STEVAL-BFA001V2B
2024-08-01 08:47:33,061 [INFO] DbBoards:161 - Kit is not supported: STEVAL-BFA001V2B
2024-08-01 08:47:33,182 [INFO] DbBoards:168 - Found 201 boards, 198 are supported
2024-08-01 08:47:33,182 [INFO] DbBoards:169 - Found 201 boards, 25 of them is supported for  Bsp
2024-08-01 08:47:33,185 [INFO] ApiDb:668 - CubeFinder database Data Model version=2.1
2024-08-01 08:47:33,185 [INFO] ApiDb:669 - CubeFinder database Configuration version=3.0.39
2024-08-01 08:47:33,185 [INFO] ApiDb:670 - CubeFinder database generation date=2024-06-20 (1718880634)
2024-08-01 08:47:33,185 [INFO] ApiDb:671 - CubeFinder database FW Pack versions=[FP-ATR-ASTRA1_V2.0.0, FP-SNS-FLIGHT1_V5.0.2, FP-SNS-MOTENV1_V5.0.0, FP-SNS-MOTENVWB1_V1.4.0, FP-SNS-SMARTAG2_V1.2.0, STM32Cube_FW_C0_V1.2.0, STM32Cube_FW_F4_V1.28.0, STM32Cube_FW_F7_V1.17.2, STM32Cube_FW_G0_V1.6.2, STM32Cube_FW_G4_V1.6.0, STM32Cube_FW_H5_V1.3.0, STM32Cube_FW_H7RS_V1.1.0, STM32Cube_FW_H7_V1.11.2, STM32Cube_FW_L0_V1.12.2, STM32Cube_FW_L5_V1.5.1, STM32Cube_FW_U0_V1.1.0, STM32Cube_FW_U5_V1.6.0, STM32Cube_FW_WB0_V1.0.0, STM32Cube_FW_WBA_V1.4.0, STM32Cube_FW_WB_V1.20.0, STM32Cube_FW_WL_V1.3.0, X-CUBE-ALGOBUILD_V1.4.0, X-CUBE-ALS_V1.0.2, X-CUBE-AZRTOS-F4_V1.1.0, X-CUBE-AZRTOS-F7_V1.1.0, X-CUBE-AZRTOS-G0_V1.1.0, X-CUBE-AZRTOS-G4_V2.0.0, X-CUBE-AZRTOS-H7RS_V1.0.0, X-CUBE-AZRTOS-H7_V3.2.0, X-CUBE-AZRTOS-L4_V2.0.0, X-CUBE-AZRTOS-L5_V1.1.0, X-CUBE-AZRTOS-WB_V2.0.0, X-CUBE-AZRTOS-WL_V2.0.0, X-CUBE-BLE1_V7.0.0, X-CUBE-BLE2_V3.3.0, X-CUBE-BLEMGR_V3.1.0, X-CUBE-EEPRMA1_V5.1.0, X-CUBE-FREERTOS_V1.2.0, X-CUBE-GNSS1_V6.0.0, X-CUBE-MEMS1_V10.0.0, X-CUBE-NFC4_V3.0.0, X-CUBE-NFC7_V1.0.1, X-CUBE-SFXS2LP1_V4.0.0, X-CUBE-SUBG2_V5.0.0, X-CUBE-TOF1_V3.4.1]
2024-08-01 08:47:34,909 [INFO] ApiDb:240 - Found 646 in-development CPN: [B-G473E-ZEST1S, B-WB1M-WPAN1, B-WL5M-SUBG1, NUCLEO-C031C6, NUCLEO-C071RB, NUCLEO-H503RB, NUCLEO-H533RE, NUCLEO-H563ZI, NUCLEO-H7S3L8, NUCLEO-U031R8, NUCLEO-U083RC, NUCLEO-U545RE-Q, NUCLEO-U5A5ZJ-Q, NUCLEO-WB05KZ, NUCLEO-WB07CC, NUCLEO-WB09KE, NUCLEO-WBA52CG, NUCLEO-WBA55CG, STEVAL-PROTEUS1, STEVAL-SMARTAG2, STEVAL-STWINBX1, STM320518-EVAL, STM32C0116-DK, STM32C011D6Y3TR, STM32C011D6Y6TR, STM32C011F4P3, STM32C011F4P6, STM32C011F4U3, STM32C011F4U6TR, STM32C011F6P3, STM32C011F6P6, STM32C011F6U3, STM32C011F6U6TR, STM32C011J4M3, STM32C011J4M6, STM32C011J6M3, STM32C011J6M6, STM32C0316-DK, STM32C031C4T3, STM32C031C4T6, STM32C031C4U3, STM32C031C4U6, STM32C031C6T3, STM32C031C6T6, STM32C031C6U3, STM32C031C6U6, STM32C031F4P3, STM32C031F4P6, STM32C031F6P3, STM32C031F6P6, STM32C031G4U3, STM32C031G4U6, STM32C031G6U3, STM32C031G6U6, STM32C031K4T3, STM32C031K4T6, STM32C031K4U3, STM32C031K4U6, STM32C031K6T3, STM32C031K6T6, STM32C031K6U3, STM32C031K6U6, STM32C071C8T6, STM32C071C8T6N, STM32C071C8U6, STM32C071C8U6N, STM32C071CBT6, STM32C071CBT6N, STM32C071CBU6, STM32C071CBU6N, STM32C071F8P6, STM32C071F8P6N, STM32C071FBP6, STM32C071FBP6N, STM32C071FBY6TR, STM32C071G8U6, STM32C071G8U6N, STM32C071GBU6, STM32C071GBU6N, STM32C071K8T6, STM32C071K8T6N, STM32C071K8U6, STM32C071K8U6N, STM32C071KBT6, STM32C071KBT6N, STM32C071KBU6, STM32C071KBU6N, STM32C071R8T6, STM32C071R8T6N, STM32C071RBI6N, STM32C071RBT6, STM32C071RBT6N, STM32G071K8TXN, STM32G071K8UXN, STM32G081GBU6N, STM32G081KBT6N, STM32G081KBUXN, STM32G0B1CCT6N, STM32G0B1KCT6, STM32G0B1NEY6TR, STM32G0B1RCT6N, STM32G0C1CCT6, STM32G0C1CCT6N, STM32G0C1CCU6N, STM32G0C1CET6N, STM32G0C1CEU6N, STM32G0C1KCT6, STM32G0C1NEY6TR, STM32G0C1RCI6N, STM32G0C1RCT6N, STM32G0C1REI6N, STM32G0C1RET6N, STM32G0C1VCI6, STM32G0C1VEI6, STM32G411C6T3, STM32G411C6T6, STM32G411C6U3, STM32G411C6U6, STM32G411C8T3, STM32G411C8T6, STM32G411C8U3, STM32G411C8U6, STM32G411CBT3, STM32G411CBT6, STM32G411CBU3, STM32G411CBU6, STM32G411K6T3, STM32G411K6T6, STM32G411K6U3, STM32G411K6U6, STM32G411K8T3, STM32G411K8T6, STM32G411K8U3, STM32G411K8U6, STM32G411KBT3, STM32G411KBT6, STM32G411KBU3, STM32G411KBU6, STM32G411M6T3, STM32G411M6T6, STM32G411M8T3, STM32G411M8T6, STM32G411MBT3, STM32G411MBT6, STM32G411R6T3, STM32G411R6T6, STM32G411R8T3, STM32G411R8T6, STM32G411RBT3, STM32G411RBT6, STM32G414CBT3, STM32G414CBT6, STM32G414CBU3, STM32G414CBU6, STM32G414CCT3, STM32G414CCT6, STM32G414CCU3, STM32G414CCU6, STM32G414MBT3, STM32G414MBT6, STM32G414MCT3, STM32G414MCT6, STM32G414RBT3, STM32G414RBT6, STM32G414RCT3, STM32G414RCT6, STM32G414VBT3, STM32G414VBT6, STM32G414VCT3, STM32G414VCT6, STM32G431CBT3Z, STM32G431RBT3Z, STM32G471CCT6, STM32G471CCU6, STM32G471CET3, STM32G471CET6, STM32G471CEU3, STM32G471CEU6, STM32G471MCT6, STM32G471MET3, STM32G471MET6, STM32G471MEY6TR, STM32G471QCT6, STM32G471QET3, STM32G471RCT6, STM32G471RET3, STM32G471RET6, STM32G471VCH6, STM32G471VCI6, STM32G471VCT6, STM32G471VEH3, STM32G471VEH6, STM32G471VEI3, STM32G471VEI6, STM32G471VET3, STM32G471VET6, STM32G473QET3Z, STM32G473RET3Z, STM32G474CCT6, STM32G491RET3Z, STM32H503CBT6, STM32H503CBU6, STM32H503EBY6TR, STM32H503KBU6, STM32H503RBT6, STM32H523CCT6, STM32H523CCU6, STM32H523CET6, STM32H523CEU6, STM32H523HEY6TR, STM32H523RCT6, STM32H523RET6, STM32H523VCI6, STM32H523VCT6, STM32H523VEI6, STM32H523VET6, STM32H523ZCJ6, STM32H523ZCT6, STM32H523ZEJ6, STM32H523ZET6, STM32H533CET6, STM32H533CEU6, STM32H533HEY6TR, STM32H533RET6, STM32H533VEI6, STM32H533VET6, STM32H533ZEJ6, STM32H533ZET6, STM32H562AGI6, STM32H562AII6, STM32H562IGK6, STM32H562IGT6, STM32H562IIK6, STM32H562IIT6, STM32H562RGT6, STM32H562RGV6, STM32H562RIT6, STM32H562RIV6, STM32H562VGT6, STM32H562VIT6, STM32H562ZGT6, STM32H562ZIT6, STM32H563AGI6, STM32H563AII3Q, STM32H563AII6, STM32H563IGK6, STM32H563IGT6, STM32H563IIK3Q, STM32H563IIK6, STM32H563IIT3Q, STM32H563IIT6, STM32H563MIY3QTR, STM32H563RGT6, STM32H563RGV6, STM32H563RIT6, STM32H563RIV6, STM32H563VGT6, STM32H563VIT3Q, STM32H563VIT6, STM32H563ZGT6, STM32H563ZIT3Q, STM32H563ZIT6, STM32H573AII3Q, STM32H573AII6, STM32H573I-DK, STM32H573IIK3Q, STM32H573IIK6, STM32H573IIT3Q, STM32H573IIT6, STM32H573MIY3QTR, STM32H573RIT6, STM32H573RIV6, STM32H573VIT3Q, STM32H573VIT6, STM32H573ZIT3Q, STM32H573ZIT6, STM32H7R3A8I6, STM32H7R3I8K6, STM32H7R3I8T6, STM32H7R3L8H6, STM32H7R3L8H6H, STM32H7R3R8V6, STM32H7R3V8H6, STM32H7R3V8T6, STM32H7R3V8Y6TR, STM32H7R3Z8J6, STM32H7R3Z8T6, STM32H7R7A8I6, STM32H7R7I8K6, STM32H7R7I8T6, STM32H7R7L8H6, STM32H7R7L8H6H, STM32H7R7Z8J6, STM32H7S3A8I6, STM32H7S3I8K6, STM32H7S3I8T6, STM32H7S3L8H6, STM32H7S3L8H6H, STM32H7S3R8V6, STM32H7S3V8H6, STM32H7S3V8T6, STM32H7S3V8Y6TR, STM32H7S3Z8J6, STM32H7S3Z8T6, STM32H7S78-DK, STM32H7S7A8I6, STM32H7S7I8K6, STM32H7S7I8T6, STM32H7S7L8H6, STM32H7S7L8H6H, STM32H7S7Z8J6, STM32L4R5QGI6STR, STM32MP131AAE3, STM32MP131AAF3, STM32MP131AAG3, STM32MP131CAE3, STM32MP131CAF3, STM32MP131CAG3, STM32MP131DAE7, STM32MP131DAF7, STM32MP131DAG7, STM32MP131FAE7, STM32MP131FAF7, STM32MP131FAG7, STM32MP133AAE3, STM32MP133AAF3, STM32MP133AAG3, STM32MP133CAE3, STM32MP133CAF3, STM32MP133CAG3, STM32MP133DAE7, STM32MP133DAF7, STM32MP133DAG7, STM32MP133FAE7, STM32MP133FAF7, STM32MP133FAG7, STM32MP135AAE3, STM32MP135AAF3, STM32MP135AAG3, STM32MP135CAE3, STM32MP135CAF3, STM32MP135CAG3, STM32MP135DAE7, STM32MP135DAF7, STM32MP135DAG7, STM32MP135F-DK, STM32MP135FAE7, STM32MP135FAF7, STM32MP135FAF7T, STM32MP135FAF7U, STM32MP135FAG7, STM32MP251AAI3, STM32MP251AAK3, STM32MP251AAL3, STM32MP251CAI3, STM32MP251CAK3, STM32MP251CAL3, STM32MP251DAI3, STM32MP251DAK3, STM32MP251DAL3, STM32MP251FAI3, STM32MP251FAK3, STM32MP251FAL3, STM32MP253AAI3, STM32MP253AAK3, STM32MP253AAL3, STM32MP253CAI3, STM32MP253CAK3, STM32MP253CAL3, STM32MP253DAI3, STM32MP253DAK3, STM32MP253DAL3, STM32MP253FAI3, STM32MP253FAK3, STM32MP253FAL3, STM32MP255AAI3, STM32MP255AAK3, STM32MP255AAL3, STM32MP255CAI3, STM32MP255CAK3, STM32MP255CAL3, STM32MP255DAI3, STM32MP255DAK3, STM32MP255DAL3, STM32MP255FAI3, STM32MP255FAK3, STM32MP255FAL3, STM32MP257AAI3, STM32MP257AAK3, STM32MP257AAL3, STM32MP257CAI3, STM32MP257CAK3, STM32MP257CAL3, STM32MP257DAI3, STM32MP257DAK3, STM32MP257DAL3, STM32MP257F-DK, STM32MP257F-EV1, STM32MP257FAI3, STM32MP257FAK3, STM32MP257FAL3, STM32U031C6T6, STM32U031C6U6, STM32U031C8T6, STM32U031C8U6, STM32U031F4P6, STM32U031F6P6, STM32U031F8P6, STM32U031G6Y6TR, STM32U031G8Y6TR, STM32U031K4U6, STM32U031K6U6, STM32U031K8U6, STM32U031R6I6, STM32U031R6T6, STM32U031R8I6, STM32U031R8T6, STM32U073C8T6, STM32U073C8U6, STM32U073CBT6, STM32U073CBU6, STM32U073CCT6, STM32U073CCU6, STM32U073H8Y6TR, STM32U073HBY6TR, STM32U073HCY6TR, STM32U073K8U6, STM32U073KBU6, STM32U073KCU6, STM32U073M8I6, STM32U073M8T6, STM32U073MBI6, STM32U073MBT6, STM32U073MCI6, STM32U073MCT6, STM32U073R8I6, STM32U073R8T6, STM32U073RBI6, STM32U073RBT6, STM32U073RCI6, STM32U073RCT6, STM32U083C-DK, STM32U083CCT6, STM32U083CCU6, STM32U083HCY6TR, STM32U083KCU6, STM32U083MCI6, STM32U083MCT6, STM32U083RCI6, STM32U083RCT6, STM32U535CBT6, STM32U535CBT6Q, STM32U535CBU6, STM32U535CBU6Q, STM32U535CCT6, STM32U535CCT6Q, STM32U535CCU6, STM32U535CCU6Q, STM32U535CET6, STM32U535CET6Q, STM32U535CEU6, STM32U535CEU6Q, STM32U535JEY6QTR, STM32U535NCY6QTR, STM32U535NEY6QTR, STM32U535RBI6, STM32U535RBI6Q, STM32U535RBT6, STM32U535RBT6Q, STM32U535RCI6, STM32U535RCI6Q, STM32U535RCT6, STM32U535RCT6Q, STM32U535REI6, STM32U535REI6Q, STM32U535RET6, STM32U535RET6Q, STM32U535VCI6, STM32U535VCI6Q, STM32U535VCT6, STM32U535VCT6Q, STM32U535VEI6, STM32U535VEI6Q, STM32U535VET6, STM32U535VET6Q, STM32U545CET6, STM32U545CET6Q, STM32U545CEU6, STM32U545CEU6Q, STM32U545JEY6QTR, STM32U545NEY6QTR, STM32U545REI6, STM32U545REI6Q, STM32U545RET6, STM32U545RET6Q, STM32U545VEI6, STM32U545VEI6Q, STM32U545VET6, STM32U545VET6Q, STM32U595AIH6, STM32U595AIH6Q, STM32U595AJH6, STM32U595AJH6Q, STM32U595QII6, STM32U595QII6Q, STM32U595QJI6, STM32U595QJI6Q, STM32U595RIT6, STM32U595RIT6Q, STM32U595RJT6, STM32U595RJT6Q, STM32U595VIT6, STM32U595VIT6Q, STM32U595VJT6, STM32U595VJT6Q, STM32U595ZIT6, STM32U595ZIT6Q, STM32U595ZIY6QTR, STM32U595ZJT6, STM32U595ZJT6Q, STM32U595ZJY6QTR, STM32U599BJY6QTR, STM32U599NIH6Q, STM32U599NJH6Q, STM32U599VIT6Q, STM32U599VJT6, STM32U599VJT6Q, STM32U599ZIT6Q, STM32U599ZIY6QTR, STM32U599ZJT6Q, STM32U599ZJY6QTR, STM32U5A5AJH6, STM32U5A5AJH6Q, STM32U5A5QII3Q , STM32U5A5QJI6, STM32U5A5QJI6Q, STM32U5A5RJT6, STM32U5A5RJT6Q, STM32U5A5VJT6, STM32U5A5VJT6Q, STM32U5A5ZJT6, STM32U5A5ZJT6Q, STM32U5A5ZJY6QTR, STM32U5A9BJY6QTR, STM32U5A9J-DK, STM32U5A9NJH6Q, STM32U5A9VJT6Q, STM32U5A9ZJT6Q, STM32U5A9ZJY6QTR, STM32U5F7VIT6, STM32U5F7VIT6Q, STM32U5F7VJT6, STM32U5F7VJT6Q, STM32U5F9BJY6QTR, STM32U5F9NJH6Q, STM32U5F9VIT6Q, STM32U5F9VJT6Q, STM32U5F9ZIJ6QTR, STM32U5F9ZIT6Q, STM32U5F9ZJJ6QTR, STM32U5F9ZJT6Q, STM32U5G7VJT6, STM32U5G7VJT6Q, STM32U5G9BJY6QTR, STM32U5G9J-DK1, STM32U5G9J-DK2, STM32U5G9NJH6Q, STM32U5G9VJT6Q, STM32U5G9ZJJ6QTR, STM32U5G9ZJT6Q, STM32WB05KZV6TR, STM32WB05KZV7TR, STM32WB05TZF6TR, STM32WB05TZF7TR, STM32WB06CCF6TR, STM32WB06CCF7TR, STM32WB06CCV6TR, STM32WB06CCV7TR, STM32WB06KCV6TR, STM32WB06KCV7TR, STM32WB07CCF6TR, STM32WB07CCF7TR, STM32WB07CCV6TR, STM32WB07CCV7TR, STM32WB07KCV6TR, STM32WB07KCV7TR, STM32WB09KEV6TR, STM32WB09KEV7TR, STM32WB09TEF6TR, STM32WB09TEF7TR, STM32WB1MMCH6, STM32WBA50KGU6, STM32WBA50KGU6TR, STM32WBA52CEU6, STM32WBA52CEU6TR, STM32WBA52CEU7, STM32WBA52CEU7TR, STM32WBA52CGU6, STM32WBA52CGU6TR, STM32WBA52CGU6U, STM32WBA52CGU7, STM32WBA52CGU7TR, STM32WBA52KEU6, STM32WBA52KEU6TR, STM32WBA52KGU6, STM32WBA52KGU6TR, STM32WBA54CEU6, STM32WBA54CEU6TR, STM32WBA54CEU7, STM32WBA54CEU7TR, STM32WBA54CGU6, STM32WBA54CGU6TR, STM32WBA54CGU7, STM32WBA54CGU7TR, STM32WBA54KEU6, STM32WBA54KEU6TR, STM32WBA54KEU7, STM32WBA54KEU7TR, STM32WBA54KGU6, STM32WBA54KGU6TR, STM32WBA54KGU7, STM32WBA54KGU7TR, STM32WBA55CEU6, STM32WBA55CEU6TR, STM32WBA55CEU7, STM32WBA55CEU7TR, STM32WBA55CGU6, STM32WBA55CGU6TR, STM32WBA55CGU6U, STM32WBA55CGU7, STM32WBA55CGU7TR, STM32WBA55G-DK1, STM32WBA55HEF6, STM32WBA55HEF7, STM32WBA55HGF6, STM32WBA55HGF7, STM32WBA55UEI6, STM32WBA55UEI6TR, STM32WBA55UEI7, STM32WBA55UEI7TR, STM32WBA55UGI6, STM32WBA55UGI6TR, STM32WBA55UGI7, STM32WBA55UGI7TR, STM32WL5MOCH6, STM32WL5MOCH6TR]
2024-08-01 08:47:34,913 [INFO] DbMcus:218 - Found 4251 MCUs, 4251 are supported
2024-08-01 08:47:34,914 [INFO] ApiDb:423 - Load user favorites file /home/paul/.stm32cubeide/favorites.mcus.txt: 1 item(s)
2024-08-01 08:47:34,914 [INFO] ApiDb:427 - User favorites MCUs=[STM32F767ZIT6]
2024-08-01 08:47:34,914 [INFO] DbMcus:224 - Set 1 / 1 favorites MCUs
2024-08-01 08:47:35,149 [INFO] ApiDb:423 - Load user favorites file /home/paul/.stm32cubeide/favorites.boards.txt: 0 item(s)
2024-08-01 08:47:35,149 [INFO] ApiDb:427 - User favorites Boards=[]
2024-08-01 08:47:35,150 [INFO] DbBoards:198 - Set 0 / 0 favorites Boards
2024-08-01 08:47:35,150 [INFO] McuFinderGlobals:76 - Set McuFinderConnectedMode to true
2024-08-01 08:47:35,155 [INFO] MultiScanPanel:200 - Auto-refresh data requested => check proxy status ongoing
2024-08-01 08:47:35,157 [INFO] FinderPluginLoader:95 - Searching for filters in installed packs
2024-08-01 08:47:36,484 [INFO] ServerAccessManage:473 - Download File 
2024-08-01 08:47:36,495 [INFO] LoadUrlFilesThread:185 - End of LoadServerUrlFiles without Thread
2024-08-01 08:47:36,517 [INFO] DetailPanel:341 - Set advertising image to /home/paul/STM32Cube/Repository//en.prom-stm32h7rs-mcu-finder.jpg
2024-08-01 08:47:39,204 [INFO] McuFinderGlobals:76 - Set McuFinderConnectedMode to true
2024-08-01 08:47:39,427 [INFO] ApiDb:448 - Save user favorites file /home/paul/.stm32cubeide/favorites.mcus.txt: 1 item(s)
2024-08-01 08:47:39,427 [INFO] ApiDb:452 - User favorites MCUs=[STM32F767ZIT6]
2024-08-01 08:47:42,499 [INFO] MainUpdater:2873 - connection check result : 10
2024-08-01 08:47:43,088 [INFO] CheckServerUpdateThread:120 - End of CheckServer Thread
2024-08-01 08:47:50,199 [INFO] ServerAccessManage:473 - Download File stm32cube_fw_f7_v1170.zip
2024-08-01 08:48:46,503 [INFO] AnalyticsPlugin:368 - Accepted License(s): [FW.F7.1.17.0]
2024-08-01 08:48:46,504 [INFO] FileExtend:240 - Unzip File : stm32cube_fw_f7_v1170.zip
2024-08-01 08:48:46,505 [INFO] FileExtend:255 - Standard Zip Deflate
2024-08-01 08:48:56,920 [INFO] LoadServerPackagesThread:196 - End of LoadServerPackages Thread
2024-08-01 08:48:57,096 [INFO] CheckServerUpdateThread:120 - End of CheckServer Thread
2024-08-01 08:49:24,529 [INFO] MainUpdater:2873 - connection check result : 10
2024-08-01 08:49:24,599 [INFO] McuFinderGlobals:76 - Set McuFinderConnectedMode to true
2024-08-01 08:49:24,599 [INFO] MultiScanPanel:200 - Auto-refresh data requested => check proxy status ongoing
2024-08-01 08:49:24,599 [INFO] FinderPluginLoader:95 - Searching for filters in installed packs
2024-08-01 08:49:25,559 [INFO] LoadUrlFilesThread:185 - End of LoadServerUrlFiles without Thread
2024-08-01 08:49:25,559 [INFO] DetailPanel:341 - Set advertising image to /home/paul/STM32Cube/Repository//en.prom-stm32h7rs-mcu-finder.jpg
2024-08-01 08:49:35,946 [INFO] McuResultTable:1403 - Unmark MCU STM32F767ZIT6 as favorite
2024-08-01 08:49:45,944 [INFO] MainUpdater:2873 - connection check result : 10
2024-08-01 08:49:45,944 [INFO] MainUpdater:2873 - connection check result : 10
2024-08-01 08:49:47,269 [INFO] RulesReader:64 - Compatibility file has been processed (297 Rules)
2024-08-01 08:49:47,275 [INFO] RulesReader:64 - Compatibility file has been processed (297 Rules)
2024-08-01 08:49:47,278 [INFO] MicroXplorer:468 - Change Database Path : 
2024-08-01 08:49:47,278 [INFO] MicroXplorer:498 - Change Database Version : DB.6.0.120
2024-08-01 08:49:47,282 [WARN] ThirdParty:871 - waiting for thirdparty lock release [close project]
2024-08-01 08:49:47,282 [INFO] ThirdParty:873 - entering critical section [close project]
2024-08-01 08:49:47,283 [INFO] ThirdParty:883 - exiting critical section [close project]
2024-08-01 08:49:47,284 [INFO] PinOutPanel:1561 - setPackage(No Configuration,No Configuration)
2024-08-01 08:49:47,286 [INFO] UtilMem:75 - Begin LoadConfig() Used Memory: 560959184 Bytes (1073741824)
2024-08-01 08:49:47,287 [INFO] MicroXplorer:468 - Change Database Path : 
2024-08-01 08:49:47,287 [INFO] MicroXplorer:498 - Change Database Version : DB.6.0.120
2024-08-01 08:49:47,287 [INFO] OpenFileManager:332 - Change cursor
2024-08-01 08:49:47,303 [INFO] Mcu:2032 - Initializing MCU STM32F767ZITx STM32F767ZITx STM32F767ZIT6
2024-08-01 08:49:48,777 [INFO] Context:742 - Trying to add GPIOservice into a context  which must be forbidden
2024-08-01 08:49:49,355 [INFO] ImportTextPane:205 - (OptionalMessage_ERROR) Unable to find key (Mcu.ThirdPartyNb) in loaded IOC file
2024-08-01 08:49:49,355 [INFO] ImportTextPane:205 - (OptionalMessage_ERROR) Unable to find key (Mcu.PinsNb) in loaded IOC file
2024-08-01 08:49:49,356 [INFO] ImportTextPane:205 - (OptionalMessage_ERROR) Unable to find key (Mcu.IPNb) in loaded IOC file
2024-08-01 08:49:49,428 [INFO] RtosManager:555 - Registered RTOS mode: class=CMSIS, group=RTOS, mode=CMSIS_V1, owner=FREERTOS
2024-08-01 08:49:49,428 [INFO] RtosManager:555 - Registered RTOS mode: class=CMSIS, group=RTOS2, mode=CMSIS_V2, owner=FREERTOS
2024-08-01 08:49:49,428 [INFO] RtosManager:555 - Registered RTOS mode: class=RTOS, group=Core, mode=CMSIS_V1, owner=FREERTOS
2024-08-01 08:49:49,429 [INFO] RtosManager:555 - Registered RTOS mode: class=RTOS, group=Core, mode=CMSIS_V2, owner=FREERTOS
2024-08-01 08:49:49,429 [WARN] ModelIntegratedComponent:184 - Missing modes for component STMicroelectronics:FreeRTOS:0.0.1:STMicroelectronics:RTOS:FreeRTOS:Core:::10.2.0:
2024-08-01 08:49:49,439 [WARN] ModelIntegratedComponent:63 - No mode defined for component null
2024-08-01 08:49:49,439 [WARN] ModelIntegratedComponent:63 - No mode defined for component null
2024-08-01 08:49:49,439 [WARN] ModelIntegratedComponent:63 - No mode defined for component null
2024-08-01 08:49:49,439 [WARN] ModelIntegratedComponent:63 - No mode defined for component null
2024-08-01 08:49:49,439 [WARN] ModelIntegratedComponent:63 - No mode defined for component null
2024-08-01 08:49:49,439 [WARN] ModelIntegratedComponent:63 - No mode defined for component null
2024-08-01 08:49:49,440 [WARN] ModelIntegratedComponent:63 - No mode defined for component null
2024-08-01 08:49:49,440 [WARN] ModelIntegratedComponent:63 - No mode defined for component null
2024-08-01 08:49:49,440 [WARN] ModelIntegratedComponent:63 - No mode defined for component null
2024-08-01 08:49:49,440 [WARN] ModelIntegratedComponent:63 - No mode defined for component null
2024-08-01 08:49:49,440 [WARN] ModelIntegratedComponent:63 - No mode defined for component null
2024-08-01 08:49:49,440 [WARN] ModelIntegratedComponent:63 - No mode defined for component null
2024-08-01 08:49:49,440 [WARN] ModelIntegratedComponent:63 - No mode defined for component null
2024-08-01 08:49:49,440 [WARN] ModelIntegratedComponent:63 - No mode defined for component null
2024-08-01 08:49:49,440 [WARN] ModelIntegratedComponent:63 - No mode defined for component null
2024-08-01 08:49:49,440 [WARN] ModelIntegratedComponent:63 - No mode defined for component null
2024-08-01 08:49:49,440 [WARN] ModelIntegratedComponent:63 - No mode defined for component null
2024-08-01 08:49:49,440 [WARN] ModelIntegratedComponent:63 - No mode defined for component null
2024-08-01 08:49:49,440 [WARN] ModelIntegratedComponent:63 - No mode defined for component null
2024-08-01 08:49:49,440 [WARN] ModelIntegratedComponent:63 - No mode defined for component null
2024-08-01 08:49:49,440 [WARN] ModelIntegratedComponent:63 - No mode defined for component null
2024-08-01 08:49:49,440 [WARN] ModelIntegratedComponent:63 - No mode defined for component null
2024-08-01 08:49:49,440 [WARN] ModelIntegratedComponent:63 - No mode defined for component null
2024-08-01 08:49:49,440 [WARN] ModelIntegratedComponent:63 - No mode defined for component null
2024-08-01 08:49:49,440 [WARN] ModelIntegratedComponent:63 - No mode defined for component null
2024-08-01 08:49:49,440 [WARN] ModelIntegratedComponent:63 - No mode defined for component null
2024-08-01 08:49:49,440 [WARN] ModelIntegratedComponent:63 - No mode defined for component null
2024-08-01 08:49:49,440 [WARN] ModelIntegratedComponent:63 - No mode defined for component null
2024-08-01 08:49:49,440 [WARN] ModelIntegratedComponent:63 - No mode defined for component null
2024-08-01 08:49:49,440 [WARN] ModelIntegratedComponent:63 - No mode defined for component null
2024-08-01 08:49:49,440 [WARN] ModelIntegratedComponent:63 - No mode defined for component null
2024-08-01 08:49:49,440 [WARN] ModelIntegratedComponent:63 - No mode defined for component null
2024-08-01 08:49:49,440 [WARN] ModelIntegratedComponent:63 - No mode defined for component null
2024-08-01 08:49:49,440 [WARN] ModelIntegratedComponent:63 - No mode defined for component null
2024-08-01 08:49:49,440 [WARN] ModelIntegratedComponent:63 - No mode defined for component null
2024-08-01 08:49:49,441 [WARN] ModelPack:524 - Component already loaded: STMicroelectronics:HAL Drivers:0.0.0:STMicroelectronics:Device:STMicro_Driver:XSPI:HAL::0.0.1:HAL_XSPI
2024-08-01 08:49:49,526 [INFO] ThirdPartyModel:298 - Start build external matchings
2024-08-01 08:49:49,799 [INFO] ThirdPartyModel:316 - End build external matchings
2024-08-01 08:49:50,030 [INFO] UtilMem:75 - End LoadConfig() Used Memory: 777264720 Bytes (1073741824)
2024-08-01 08:49:50,044 [WARN] ThirdParty:833 - waiting for thirdparty lock release [change project]
2024-08-01 08:49:50,045 [INFO] ThirdParty:835 - entering critical section [change project]
2024-08-01 08:49:50,045 [INFO] ThirdParty:1030 - CMSIS Pack Vendor :STMicroelectronics USBPD 4.1
2024-08-01 08:49:50,045 [INFO] ThirdParty:1030 - CMSIS Pack Vendor :STMicroelectronics X-CUBE-GNSS1 6.0.0
2024-08-01 08:49:50,045 [INFO] ThirdParty:1030 - CMSIS Pack Vendor :STMicroelectronics USB_HOST 2.0.0
2024-08-01 08:49:50,045 [INFO] ThirdParty:1030 - CMSIS Pack Vendor :STMicroelectronics FP-SNS-MOTENVWB1 1.4.0
2024-08-01 08:49:50,045 [INFO] ThirdParty:1030 - CMSIS Pack Vendor :STMicroelectronics X-CUBE-AZRTOS-F4 1.1.0
2024-08-01 08:49:50,045 [INFO] ThirdParty:1030 - CMSIS Pack Vendor :STMicroelectronics LIBJPEG 8.0.0
2024-08-01 08:49:50,045 [INFO] ThirdParty:1030 - CMSIS Pack Vendor :STMicroelectronics X-CUBE-SMBUS 2.1.0
2024-08-01 08:49:50,045 [INFO] ThirdParty:1030 - CMSIS Pack Vendor :STMicroelectronics USB_DEVICE 3.0.0
2024-08-01 08:49:50,045 [INFO] ThirdParty:1030 - CMSIS Pack Vendor :STMicroelectronics X-CUBE-TCPP 4.1.0
2024-08-01 08:49:50,045 [INFO] ThirdParty:1030 - CMSIS Pack Vendor :STMicroelectronics X-CUBE-FREERTOS 1.2.0
2024-08-01 08:49:50,045 [INFO] ThirdParty:1030 - CMSIS Pack Vendor :STMicroelectronics X-CUBE-AZRTOS-WB 2.0.0
2024-08-01 08:49:50,045 [INFO] ThirdParty:1030 - CMSIS Pack Vendor :STMicroelectronics X-CUBE-AZRTOS-F7 1.1.0
2024-08-01 08:49:50,045 [INFO] ThirdParty:1030 - CMSIS Pack Vendor :STMicroelectronics X-CUBE-AZRTOS-L5 2.0.0
2024-08-01 08:49:50,045 [INFO] ThirdParty:1030 - CMSIS Pack Vendor :STMicroelectronics USB_DEVICE 2.0.0
2024-08-01 08:49:50,045 [INFO] ThirdParty:1030 - CMSIS Pack Vendor :STMicroelectronics X-CUBE-NFC6 3.1.0
2024-08-01 08:49:50,046 [INFO] ThirdParty:1030 - CMSIS Pack Vendor :STMicroelectronics FP-SNS-STBOX1 2.0.0
2024-08-01 08:49:50,046 [INFO] ThirdParty:1030 - CMSIS Pack Vendor :STMicroelectronics FreeRTOS 0.0.1
2024-08-01 08:49:50,046 [INFO] ThirdParty:1030 - CMSIS Pack Vendor :STMicroelectronics X-CUBE-AZRTOS-G0 1.1.0
2024-08-01 08:49:50,046 [INFO] ThirdParty:1030 - CMSIS Pack Vendor :STMicroelectronics X-CUBE-SAFEA1 1.2.2
2024-08-01 08:49:50,046 [INFO] ThirdParty:1030 - CMSIS Pack Vendor :STMicroelectronics X-CUBE-NFC4 3.0.0
2024-08-01 08:49:50,046 [INFO] ThirdParty:1030 - CMSIS Pack Vendor :STMicroelectronics X-CUBE-DPower 1.2.0
2024-08-01 08:49:50,046 [INFO] ThirdParty:1030 - CMSIS Pack Vendor :STMicroelectronics X-CUBE-SUBG2 5.0.0
2024-08-01 08:49:50,046 [INFO] ThirdParty:1030 - CMSIS Pack Vendor :STMicroelectronics STM32_WPAN 1.0.0
2024-08-01 08:49:50,046 [INFO] ThirdParty:1030 - CMSIS Pack Vendor :EmbeddedOffice I-CUBE-FS-RTOS 1.0.1
2024-08-01 08:49:50,046 [INFO] ThirdParty:1030 - CMSIS Pack Vendor :STMicroelectronics lwIP 2.0.3
2024-08-01 08:49:50,046 [INFO] ThirdParty:1030 - CMSIS Pack Vendor :STMicroelectronics FP-SNS-FLIGHT1 5.0.2
2024-08-01 08:49:50,046 [INFO] ThirdParty:1030 - CMSIS Pack Vendor :Cesanta I-CUBE-Mongoose 7.13.0
2024-08-01 08:49:50,046 [INFO] ThirdParty:1030 - CMSIS Pack Vendor :STMicroelectronics USB_HOST 1.0.0
2024-08-01 08:49:50,046 [INFO] ThirdParty:1030 - CMSIS Pack Vendor :STMicroelectronics X-CUBE-AI 9.0.0
2024-08-01 08:49:50,046 [INFO] ThirdParty:1030 - CMSIS Pack Vendor :STMicroelectronics X-CUBE-AZRTOS-G4 2.0.0
2024-08-01 08:49:50,046 [INFO] ThirdParty:1030 - CMSIS Pack Vendor :STMicroelectronics PDM2PCM 3.1.0
2024-08-01 08:49:50,046 [INFO] ThirdParty:1030 - CMSIS Pack Vendor :STMicroelectronics PDM2PCM 3.3.0
2024-08-01 08:49:50,046 [INFO] ThirdParty:1030 - CMSIS Pack Vendor :STMicroelectronics X-CUBE-DISPLAY 3.0.0
2024-08-01 08:49:50,046 [INFO] ThirdParty:1030 - CMSIS Pack Vendor :RealThread X-CUBE-RT-Thread_Nano 4.1.1
2024-08-01 08:49:50,046 [INFO] ThirdParty:1030 - CMSIS Pack Vendor :STMicroelectronics X-CUBE-BLE1 7.0.0
2024-08-01 08:49:50,046 [INFO] ThirdParty:1030 - CMSIS Pack Vendor :STMicroelectronics FP-ATR-SIGFOX1 3.2.0
2024-08-01 08:49:50,046 [INFO] ThirdParty:1030 - CMSIS Pack Vendor :wolfSSL I-CUBE-wolfSSL 5.7.2
2024-08-01 08:49:50,046 [INFO] ThirdParty:1030 - CMSIS Pack Vendor :STMicroelectronics X-CUBE-ISPU 2.0.0
2024-08-01 08:49:50,046 [INFO] ThirdParty:1030 - CMSIS Pack Vendor :STMicroelectronics X-CUBE-EEPRMA1 5.1.0
2024-08-01 08:49:50,046 [INFO] ThirdParty:1030 - CMSIS Pack Vendor :STMicroelectronics HAL Drivers 0.0.0
2024-08-01 08:49:50,046 [INFO] ThirdParty:1030 - CMSIS Pack Vendor :STMicroelectronics MBEDTLS 2.16.2
2024-08-01 08:49:50,046 [INFO] ThirdParty:1030 - CMSIS Pack Vendor :STMicroelectronics X-CUBE-ALS 1.0.2
2024-08-01 08:49:50,046 [INFO] ThirdParty:1030 - CMSIS Pack Vendor :emotas I-CUBE-CANOPEN 1.3.0
2024-08-01 08:49:50,047 [INFO] ThirdParty:1030 - CMSIS Pack Vendor :STMicroelectronics X-CUBE-MEMS1 10.0.0
2024-08-01 08:49:50,047 [INFO] ThirdParty:1030 - CMSIS Pack Vendor :STMicroelectronics X-CUBE-NFC7 1.0.1
2024-08-01 08:49:50,047 [INFO] ThirdParty:1030 - CMSIS Pack Vendor :STMicroelectronics MBEDTLS 2.14.1
2024-08-01 08:49:50,047 [INFO] ThirdParty:1030 - CMSIS Pack Vendor :STMicroelectronics X-CUBE-TOUCHGFX 4.24.0
2024-08-01 08:49:50,047 [INFO] ThirdParty:1030 - CMSIS Pack Vendor :ITTIA_DB I-CUBE-ITTIADB 8.9.0
2024-08-01 08:49:50,047 [INFO] ThirdParty:1030 - CMSIS Pack Vendor :wolfSSL I-CUBE-wolfTPM 3.2.0
2024-08-01 08:49:50,047 [INFO] ThirdParty:1030 - CMSIS Pack Vendor :portGmbH I-Cube-SoM-uGOAL 1.1.0
2024-08-01 08:49:50,047 [INFO] ThirdParty:1030 - CMSIS Pack Vendor :STMicroelectronics X-CUBE-BLEMGR 3.1.0
2024-08-01 08:49:50,047 [INFO] ThirdParty:1030 - CMSIS Pack Vendor :STMicroelectronics ThreadX 1.0.0
2024-08-01 08:49:50,047 [INFO] ThirdParty:1030 - CMSIS Pack Vendor :STMicroelectronics FP-SNS-SMARTAG2 1.2.0
2024-08-01 08:49:50,047 [INFO] ThirdParty:1030 - CMSIS Pack Vendor :STMicroelectronics X-CUBE-AZRTOS-WL 2.0.0
2024-08-01 08:49:50,047 [INFO] ThirdParty:1030 - CMSIS Pack Vendor :SEGGER I-CUBE-embOS 1.3.1
2024-08-01 08:49:50,047 [INFO] ThirdParty:1030 - CMSIS Pack Vendor :STMicroelectronics X-CUBE-ALGOBUILD 1.4.0
2024-08-01 08:49:50,047 [INFO] ThirdParty:1030 - CMSIS Pack Vendor :STMicroelectronics FP-SNS-MOTENV1 5.0.0
2024-08-01 08:49:50,047 [INFO] ThirdParty:1030 - CMSIS Pack Vendor :STMicroelectronics USB_DEVICE 1.0.0
2024-08-01 08:49:50,047 [INFO] ThirdParty:1030 - CMSIS Pack Vendor :STMicroelectronics X-CUBE-AZRTOS-H7RS 1.0.0
2024-08-01 08:49:50,047 [INFO] ThirdParty:1030 - CMSIS Pack Vendor :wolfSSL I-CUBE-wolfMQTT 1.19.0
2024-08-01 08:49:50,047 [INFO] ThirdParty:1030 - CMSIS Pack Vendor :STMicroelectronics X-CUBE-AZRTOS-L4 2.0.0
2024-08-01 08:49:50,048 [INFO] ThirdParty:1030 - CMSIS Pack Vendor :STMicroelectronics ThreadX 0.0.2
2024-08-01 08:49:50,048 [INFO] ThirdParty:1030 - CMSIS Pack Vendor :WES I-CUBE-Cesium 1.3.0
2024-08-01 08:49:50,048 [INFO] ThirdParty:1030 - CMSIS Pack Vendor :STMicroelectronics FP-ATR-ASTRA1 2.0.0
2024-08-01 08:49:50,048 [INFO] ThirdParty:1030 - CMSIS Pack Vendor :STMicroelectronics lwIP 2.1.2
2024-08-01 08:49:50,048 [INFO] ThirdParty:1030 - CMSIS Pack Vendor :STMicroelectronics X-CUBE-SFXS2LP1 4.0.0
2024-08-01 08:49:50,048 [INFO] ThirdParty:1030 - CMSIS Pack Vendor :STMicroelectronics X-CUBE-BLE2 3.3.0
2024-08-01 08:49:50,048 [INFO] ThirdParty:1030 - CMSIS Pack Vendor :STMicroelectronics X-CUBE-TOF1 3.4.2
2024-08-01 08:49:50,048 [INFO] ThirdParty:1030 - CMSIS Pack Vendor :STMicroelectronics X-CUBE-AZRTOS-H7 3.2.0
2024-08-01 08:49:50,048 [INFO] ThirdParty:1030 - CMSIS Pack Vendor :Infineon AIROC-Wi-Fi-Bluetooth-STM32 1.6.0
2024-08-01 08:49:50,048 [INFO] ThirdParty:1030 - CMSIS Pack Vendor :STMicroelectronics PDM2PCM 3.2.0
2024-08-01 08:49:50,048 [INFO] ThirdParty:1030 - CMSIS Pack Vendor :wolfSSL I-CUBE-wolfSSH 1.4.17
2024-08-01 08:49:50,048 [INFO] ThirdParty:841 - exiting critical section [change project]
2024-08-01 08:49:50,437 [INFO] PinOutPanel:1561 - setPackage(No Configuration,No Configuration)
2024-08-01 08:49:50,438 [INFO] PinOutPanel:1561 - setPackage(STM32F767ZITx,LQFP144)
2024-08-01 08:49:50,917 [INFO] UtilMem:75 - Before build in PCC Used Memory: 809176552 Bytes (1073741824)
2024-08-01 08:49:51,359 [INFO] UtilMem:75 - After build in PCC Used Memory: 930289128 Bytes (1073741824)
2024-08-01 08:49:51,408 [INFO] IPUIPlugin:80 - create IPUIPlugin
2024-08-01 08:49:51,409 [INFO] IPUIPlugin:80 - create IPUIPlugin
2024-08-01 08:49:51,409 [INFO] IPUIPlugin:80 - create IPUIPlugin
2024-08-01 08:49:51,409 [INFO] IPUIPlugin:80 - create IPUIPlugin
2024-08-01 08:49:51,409 [INFO] IPUIPlugin:80 - create IPUIPlugin
2024-08-01 08:49:51,409 [INFO] IPUIPlugin:80 - create IPUIPlugin
2024-08-01 08:49:51,409 [INFO] IPUIPlugin:80 - create IPUIPlugin
2024-08-01 08:49:51,409 [INFO] IPUIPlugin:80 - create IPUIPlugin
2024-08-01 08:49:51,410 [INFO] IPUIPlugin:80 - create IPUIPlugin
2024-08-01 08:49:51,410 [INFO] IPUIPlugin:80 - create IPUIPlugin
2024-08-01 08:49:51,410 [INFO] IPUIPlugin:80 - create IPUIPlugin
2024-08-01 08:49:51,410 [INFO] IPUIPlugin:80 - create IPUIPlugin
2024-08-01 08:49:51,410 [INFO] IPUIPlugin:80 - create IPUIPlugin
2024-08-01 08:49:51,411 [INFO] IPUIPlugin:80 - create IPUIPlugin
2024-08-01 08:49:51,411 [INFO] IPUIPlugin:80 - create IPUIPlugin
2024-08-01 08:49:51,411 [INFO] IPUIPlugin:80 - create IPUIPlugin
2024-08-01 08:49:51,411 [INFO] IPUIPlugin:80 - create IPUIPlugin
2024-08-01 08:49:51,411 [INFO] IPUIPlugin:80 - create IPUIPlugin
2024-08-01 08:49:51,412 [INFO] IPUIPlugin:80 - create IPUIPlugin
2024-08-01 08:49:51,412 [INFO] IPUIPlugin:80 - create IPUIPlugin
2024-08-01 08:49:51,412 [INFO] IPUIPlugin:80 - create IPUIPlugin
2024-08-01 08:49:51,412 [INFO] IPUIPlugin:80 - create IPUIPlugin
2024-08-01 08:49:51,412 [INFO] IPUIPlugin:80 - create IPUIPlugin
2024-08-01 08:49:51,413 [INFO] IPUIPlugin:80 - create IPUIPlugin
2024-08-01 08:49:51,413 [INFO] IPUIPlugin:80 - create IPUIPlugin
2024-08-01 08:49:51,413 [INFO] IPUIPlugin:80 - create IPUIPlugin
2024-08-01 08:49:51,413 [INFO] IPUIPlugin:80 - create IPUIPlugin
2024-08-01 08:49:51,413 [INFO] IPUIPlugin:80 - create IPUIPlugin
2024-08-01 08:49:51,414 [INFO] IPUIPlugin:80 - create IPUIPlugin
2024-08-01 08:49:51,414 [INFO] IPUIPlugin:80 - create IPUIPlugin
2024-08-01 08:49:51,414 [INFO] IPUIPlugin:80 - create IPUIPlugin
2024-08-01 08:49:51,414 [INFO] IPUIPlugin:80 - create IPUIPlugin
2024-08-01 08:49:51,415 [INFO] IPUIPlugin:80 - create IPUIPlugin
2024-08-01 08:49:51,415 [INFO] IPUIPlugin:80 - create IPUIPlugin
2024-08-01 08:49:51,415 [INFO] IPUIPlugin:80 - create IPUIPlugin
2024-08-01 08:49:51,416 [INFO] IPUIPlugin:80 - create IPUIPlugin
2024-08-01 08:49:51,416 [INFO] IPUIPlugin:80 - create IPUIPlugin
2024-08-01 08:49:51,417 [INFO] IPUIPlugin:80 - create IPUIPlugin
2024-08-01 08:49:51,417 [INFO] IPUIPlugin:80 - create IPUIPlugin
2024-08-01 08:49:51,417 [INFO] IPUIPlugin:80 - create IPUIPlugin
2024-08-01 08:49:51,417 [INFO] IPUIPlugin:80 - create IPUIPlugin
2024-08-01 08:49:51,418 [INFO] IPUIPlugin:80 - create IPUIPlugin
2024-08-01 08:49:51,418 [INFO] IPUIPlugin:80 - create IPUIPlugin
2024-08-01 08:49:51,418 [INFO] IPUIPlugin:80 - create IPUIPlugin
2024-08-01 08:49:51,419 [INFO] IPUIPlugin:80 - create IPUIPlugin
2024-08-01 08:49:51,419 [INFO] IPUIPlugin:80 - create IPUIPlugin
2024-08-01 08:49:51,419 [INFO] IPUIPlugin:80 - create IPUIPlugin
2024-08-01 08:49:51,420 [INFO] IPUIPlugin:80 - create IPUIPlugin
2024-08-01 08:49:51,420 [INFO] IPUIPlugin:80 - create IPUIPlugin
2024-08-01 08:49:51,421 [INFO] IPUIPlugin:80 - create IPUIPlugin
2024-08-01 08:49:51,421 [INFO] IPUIPlugin:80 - create IPUIPlugin
2024-08-01 08:49:51,421 [INFO] IPUIPlugin:80 - create IPUIPlugin
2024-08-01 08:49:51,422 [INFO] IPUIPlugin:80 - create IPUIPlugin
2024-08-01 08:49:51,422 [INFO] IPUIPlugin:80 - create IPUIPlugin
2024-08-01 08:49:51,422 [INFO] IPUIPlugin:80 - create IPUIPlugin
2024-08-01 08:49:51,422 [INFO] IPUIPlugin:80 - create IPUIPlugin
2024-08-01 08:49:51,422 [INFO] IPUIPlugin:80 - create IPUIPlugin
2024-08-01 08:49:51,423 [INFO] IPUIPlugin:80 - create IPUIPlugin
2024-08-01 08:49:51,423 [INFO] IPUIPlugin:80 - create IPUIPlugin
2024-08-01 08:49:51,423 [INFO] IPUIPlugin:80 - create IPUIPlugin
2024-08-01 08:49:51,423 [INFO] IPUIPlugin:80 - create IPUIPlugin
2024-08-01 08:49:51,423 [INFO] IPUIPlugin:80 - create IPUIPlugin
2024-08-01 08:49:51,424 [INFO] IPUIPlugin:80 - create IPUIPlugin
2024-08-01 08:49:51,424 [INFO] IPUIPlugin:80 - create IPUIPlugin
2024-08-01 08:49:51,424 [INFO] IPUIPlugin:80 - create IPUIPlugin
2024-08-01 08:49:51,424 [INFO] IPUIPlugin:80 - create IPUIPlugin
2024-08-01 08:49:51,425 [INFO] IPUIPlugin:80 - create IPUIPlugin
2024-08-01 08:49:51,425 [INFO] IPUIPlugin:80 - create IPUIPlugin
2024-08-01 08:49:51,425 [INFO] IPUIPlugin:80 - create IPUIPlugin
2024-08-01 08:49:51,425 [INFO] IPUIPlugin:80 - create IPUIPlugin
2024-08-01 08:49:51,425 [INFO] IPUIPlugin:80 - create IPUIPlugin
2024-08-01 08:49:51,425 [INFO] IPUIPlugin:80 - create IPUIPlugin
2024-08-01 08:49:51,426 [INFO] IPUIPlugin:80 - create IPUIPlugin
2024-08-01 08:49:51,426 [INFO] IPUIPlugin:80 - create IPUIPlugin
2024-08-01 08:49:51,426 [INFO] IPUIPlugin:80 - create IPUIPlugin
2024-08-01 08:49:51,427 [INFO] IPUIPlugin:80 - create IPUIPlugin
2024-08-01 08:49:51,427 [INFO] IPUIPlugin:80 - create IPUIPlugin
2024-08-01 08:49:51,428 [INFO] IPUIPlugin:80 - create IPUIPlugin
2024-08-01 08:49:51,429 [INFO] IPUIPlugin:80 - create IPUIPlugin
2024-08-01 08:49:51,457 [INFO] ApiDbMcu:508 - Load IP Config File for PDM2PCM
2024-08-01 08:49:51,576 [INFO] CADModel:165 - CPN selected for project levelSTM32F767ZIT6
2024-08-01 08:49:51,576 [INFO] CADModel:114 - Register for checkConnection events
2024-08-01 08:49:51,614 [INFO] OpenFileManager:363 - Restore cursor
2024-08-01 08:49:52,015 [INFO] UtilMem:75 - End SaveConfig() Used Memory: 749982400 Bytes (1073741824)
2024-08-01 08:50:00,092 [INFO] AnalyticsPlugin:368 - Accepted License(s): [FW.F7.1.17.0]
2024-08-01 08:50:00,092 [INFO] FileExtend:240 - Unzip File : stm32cube_fw_f7_v1170.zip
2024-08-01 08:50:00,093 [INFO] FileExtend:255 - Standard Zip Deflate
2024-08-01 08:50:11,951 [INFO] ServerAccessManage:473 - Download File stm32cube_fw_f7_v1172.zip
2024-08-01 08:50:24,517 [INFO] FileExtend:240 - Unzip File : stm32cube_fw_f7_v1172.zip
2024-08-01 08:50:24,518 [INFO] FileExtend:255 - Standard Zip Deflate
2024-08-01 08:50:29,093 [INFO] LoadServerPackagesThread:196 - End of LoadServerPackages Thread
2024-08-01 08:50:29,211 [INFO] ThirdPartyModel:298 - Start build external matchings
2024-08-01 08:50:29,225 [INFO] UtilMem:75 - End SaveConfig() Used Memory: 681587400 Bytes (1073741824)
2024-08-01 08:50:29,712 [INFO] BlockDiagram:2766 - set Specific Code input for plugin: RCC
2024-08-01 08:50:29,713 [INFO] BlockDiagram:2766 - set Specific Code input for plugin: NVIC
2024-08-01 08:50:29,713 [INFO] BlockDiagram:2766 - set Specific Code input for plugin: CORTEX_M7
2024-08-01 08:50:29,714 [INFO] CodeGenerator:807 - code generatio: config db path: /opt/st/stm32cubeide_1.16.0/plugins/com.st.stm32cube.common.mx_6.12.0.202406281431//db/
2024-08-01 08:50:29,802 [INFO] ThirdPartyModel:316 - End build external matchings
2024-08-01 08:50:29,815 [INFO] CheckServerUpdateThread:120 - End of CheckServer Thread
2024-08-01 08:50:29,886 [INFO] CodeEngine:255 - oldGeneratedFile, /home/paul/STM32CubeIDE/workspace_1.16.0/Lab00/MXTmpFiles/license.tmp_save
2024-08-01 08:50:30,125 [INFO] CodeEngine:279 - Generated code: /home/paul/STM32CubeIDE/workspace_1.16.0/Lab00/MXTmpFiles/license.tmp
2024-08-01 08:50:30,172 [INFO] CodeEngine:255 - oldGeneratedFile, /home/paul/STM32CubeIDE/workspace_1.16.0/Lab00/MXTmpFiles/cortex.tmp_save
2024-08-01 08:50:30,266 [INFO] CodeEngine:279 - Generated code: /home/paul/STM32CubeIDE/workspace_1.16.0/Lab00/MXTmpFiles/cortex.tmp
2024-08-01 08:50:30,270 [INFO] CodeEngine:255 - oldGeneratedFile, /home/paul/STM32CubeIDE/workspace_1.16.0/Lab00/Core/Src/stm32f7xx_it.c_save
2024-08-01 08:50:30,375 [INFO] CodeEngine:279 - Generated code: /home/paul/STM32CubeIDE/workspace_1.16.0/Lab00/Core/Src/stm32f7xx_it.c
2024-08-01 08:50:30,377 [INFO] CodeEngine:255 - oldGeneratedFile, /home/paul/STM32CubeIDE/workspace_1.16.0/Lab00/Core/Inc/stm32f7xx_it.h_save
2024-08-01 08:50:30,436 [INFO] CodeEngine:279 - Generated code: /home/paul/STM32CubeIDE/workspace_1.16.0/Lab00/Core/Inc/stm32f7xx_it.h
2024-08-01 08:50:30,448 [INFO] CodeEngine:255 - oldGeneratedFile, /home/paul/STM32CubeIDE/workspace_1.16.0/Lab00/Core/Src/stm32f7xx_hal_msp.c_save
2024-08-01 08:50:30,533 [INFO] CodeEngine:279 - Generated code: /home/paul/STM32CubeIDE/workspace_1.16.0/Lab00/Core/Src/stm32f7xx_hal_msp.c
2024-08-01 08:50:30,535 [INFO] CodeEngine:255 - oldGeneratedFile, /home/paul/STM32CubeIDE/workspace_1.16.0/Lab00/MXTmpFiles/system.tmp_save
2024-08-01 08:50:30,594 [INFO] CodeEngine:279 - Generated code: /home/paul/STM32CubeIDE/workspace_1.16.0/Lab00/MXTmpFiles/system.tmp
2024-08-01 08:50:30,597 [INFO] CodeEngine:311 - oldGeneratedFile, /home/paul/STM32CubeIDE/workspace_1.16.0/Lab00/Core/Inc/stm32f7xx_hal_conf.h_save
2024-08-01 08:50:30,654 [INFO] CodeEngine:335 - Generated code: /home/paul/STM32CubeIDE/workspace_1.16.0/Lab00/Core/Inc/stm32f7xx_hal_conf.h
2024-08-01 08:50:30,684 [INFO] CodeEngine:255 - oldGeneratedFile, /home/paul/STM32CubeIDE/workspace_1.16.0/Lab00/Core/Inc/main.h_save
2024-08-01 08:50:30,760 [INFO] CodeEngine:279 - Generated code: /home/paul/STM32CubeIDE/workspace_1.16.0/Lab00/Core/Inc/main.h
2024-08-01 08:50:30,762 [INFO] CodeEngine:255 - oldGeneratedFile, /home/paul/STM32CubeIDE/workspace_1.16.0/Lab00/Core/Src/main.c_save
2024-08-01 08:50:30,895 [INFO] CodeEngine:279 - Generated code: /home/paul/STM32CubeIDE/workspace_1.16.0/Lab00/Core/Src/main.c
2024-08-01 08:50:31,061 [INFO] ProjectBuilder:3249 - Time for Copy HAL[1] : 11mS.
2024-08-01 08:50:31,065 [INFO] ProjectBuilder:4828 - Project Generator version: 4.4.0-B60
2024-08-01 08:50:31,138 [INFO] ConfigFileManager:1531 - The Die is : DIE451
2024-08-01 08:50:31,145 [INFO] ApiDbMcu:508 - Load IP Config File for FATFS
2024-08-01 08:50:31,154 [INFO] ApiDbMcu:508 - Load IP Config File for FREERTOS
2024-08-01 08:50:31,159 [INFO] ApiDbMcu:508 - Load IP Config File for LIBJPEG
2024-08-01 08:50:31,169 [INFO] ApiDbMcu:508 - Load IP Config File for LWIP
2024-08-01 08:50:31,178 [INFO] ApiDbMcu:508 - Load IP Config File for MBEDTLS
2024-08-01 08:50:31,189 [INFO] ApiDbMcu:508 - Load IP Config File for USB_DEVICE
2024-08-01 08:50:31,194 [INFO] ApiDbMcu:508 - Load IP Config File for USB_HOST
2024-08-01 08:50:31,538 [INFO] LogOutputStream:77 - [STDOUT_REDIRECT] 
2024-08-01 08:50:33,634 [INFO] ProjectBuilder:5097 - Time for Generating toolchain IDE Files: 2569mS.
2024-08-01 08:50:33,634 [INFO] ProjectBuilder:3107 - Time for Copy CMSIS : 0mS.
2024-08-01 08:50:33,635 [INFO] ProjectBuilder:3107 - Time for Copy CMSIS : 0mS.
2024-08-01 08:50:34,201 [INFO] McuFinderGlobals:76 - Set McuFinderConnectedMode to true
2024-08-01 08:50:34,203 [INFO] ApiDb:448 - Save user favorites file /home/paul/.stm32cubeide/favorites.mcus.txt: 0 item(s)
2024-08-01 08:50:34,204 [INFO] ApiDb:452 - User favorites MCUs=[]
2024-08-01 08:51:40,961 [INFO] UtilMem:75 - End SaveConfig() Used Memory: 696251048 Bytes (1073741824)
2024-08-01 08:51:44,853 [INFO] UtilMem:75 - End SaveConfig() Used Memory: 730854056 Bytes (1073741824)
2024-08-01 08:51:48,496 [INFO] UtilMem:75 - End SaveConfig() Used Memory: 867168896 Bytes (1073741824)
2024-08-01 08:51:48,603 [INFO] BlockDiagram:2766 - set Specific Code input for plugin: RCC
2024-08-01 08:51:48,604 [INFO] BlockDiagram:2766 - set Specific Code input for plugin: NVIC
2024-08-01 08:51:48,604 [INFO] BlockDiagram:2766 - set Specific Code input for plugin: CORTEX_M7
2024-08-01 08:51:48,604 [INFO] BlockDiagram:2766 - set Specific Code input for plugin: GPIO
2024-08-01 08:51:48,605 [INFO] CodeGenerator:807 - code generatio: config db path: /opt/st/stm32cubeide_1.16.0/plugins/com.st.stm32cube.common.mx_6.12.0.202406281431//db/
2024-08-01 08:51:48,752 [INFO] CodeEngine:255 - oldGeneratedFile, /home/paul/STM32CubeIDE/workspace_1.16.0/Lab00/MXTmpFiles/license.tmp_save
2024-08-01 08:51:48,822 [INFO] CodeEngine:279 - Generated code: /home/paul/STM32CubeIDE/workspace_1.16.0/Lab00/MXTmpFiles/license.tmp
2024-08-01 08:51:48,843 [INFO] CodeEngine:255 - oldGeneratedFile, /home/paul/STM32CubeIDE/workspace_1.16.0/Lab00/MXTmpFiles/gpio.tmp_save
2024-08-01 08:51:48,924 [INFO] CodeEngine:279 - Generated code: /home/paul/STM32CubeIDE/workspace_1.16.0/Lab00/MXTmpFiles/gpio.tmp
2024-08-01 08:51:48,935 [INFO] CodeEngine:255 - oldGeneratedFile, /home/paul/STM32CubeIDE/workspace_1.16.0/Lab00/MXTmpFiles/cortex.tmp_save
2024-08-01 08:51:49,005 [INFO] CodeEngine:279 - Generated code: /home/paul/STM32CubeIDE/workspace_1.16.0/Lab00/MXTmpFiles/cortex.tmp
2024-08-01 08:51:49,010 [INFO] CodeEngine:255 - oldGeneratedFile, /home/paul/STM32CubeIDE/workspace_1.16.0/Lab00/Core/Src/stm32f7xx_it.c_save
2024-08-01 08:51:49,066 [INFO] CodeEngine:279 - Generated code: /home/paul/STM32CubeIDE/workspace_1.16.0/Lab00/Core/Src/stm32f7xx_it.c
2024-08-01 08:51:49,067 [INFO] CodeEngine:255 - oldGeneratedFile, /home/paul/STM32CubeIDE/workspace_1.16.0/Lab00/Core/Inc/stm32f7xx_it.h_save
2024-08-01 08:51:49,110 [INFO] CodeEngine:279 - Generated code: /home/paul/STM32CubeIDE/workspace_1.16.0/Lab00/Core/Inc/stm32f7xx_it.h
2024-08-01 08:51:49,118 [INFO] CodeEngine:255 - oldGeneratedFile, /home/paul/STM32CubeIDE/workspace_1.16.0/Lab00/Core/Src/stm32f7xx_hal_msp.c_save
2024-08-01 08:51:49,182 [INFO] CodeEngine:279 - Generated code: /home/paul/STM32CubeIDE/workspace_1.16.0/Lab00/Core/Src/stm32f7xx_hal_msp.c
2024-08-01 08:51:49,183 [INFO] CodeEngine:255 - oldGeneratedFile, /home/paul/STM32CubeIDE/workspace_1.16.0/Lab00/MXTmpFiles/system.tmp_save
2024-08-01 08:51:49,227 [INFO] CodeEngine:279 - Generated code: /home/paul/STM32CubeIDE/workspace_1.16.0/Lab00/MXTmpFiles/system.tmp
2024-08-01 08:51:49,229 [INFO] CodeEngine:311 - oldGeneratedFile, /home/paul/STM32CubeIDE/workspace_1.16.0/Lab00/Core/Inc/stm32f7xx_hal_conf.h_save
2024-08-01 08:51:49,280 [INFO] CodeEngine:335 - Generated code: /home/paul/STM32CubeIDE/workspace_1.16.0/Lab00/Core/Inc/stm32f7xx_hal_conf.h
2024-08-01 08:51:49,292 [INFO] CodeEngine:255 - oldGeneratedFile, /home/paul/STM32CubeIDE/workspace_1.16.0/Lab00/Core/Inc/main.h_save
2024-08-01 08:51:49,339 [INFO] CodeEngine:279 - Generated code: /home/paul/STM32CubeIDE/workspace_1.16.0/Lab00/Core/Inc/main.h
2024-08-01 08:51:49,340 [INFO] CodeEngine:255 - oldGeneratedFile, /home/paul/STM32CubeIDE/workspace_1.16.0/Lab00/Core/Src/main.c_save
2024-08-01 08:51:49,406 [INFO] CodeEngine:279 - Generated code: /home/paul/STM32CubeIDE/workspace_1.16.0/Lab00/Core/Src/main.c
2024-08-01 08:51:49,535 [INFO] ProjectBuilder:3249 - Time for Copy HAL[1] : 12mS.
2024-08-01 08:51:49,536 [INFO] ProjectBuilder:4828 - Project Generator version: 4.4.0-B60
2024-08-01 08:51:49,594 [INFO] ConfigFileManager:1531 - The Die is : DIE451
2024-08-01 08:51:50,126 [INFO] ProjectBuilder:5097 - Time for Generating toolchain IDE Files: 590mS.
2024-08-01 08:51:50,127 [INFO] ProjectBuilder:3107 - Time for Copy CMSIS : 0mS.
2024-08-01 08:51:50,128 [INFO] ProjectBuilder:3107 - Time for Copy CMSIS : 1mS.
2024-08-01 08:54:55,761 [ERROR] LogOutputStream:75 - [STDERR_REDIRECT] 
